<?xml version="1.0" encoding="UTF-8"?>
<robot generator="Robot 5.0.1 (Python 3.7.5 on win32)" generated="20220527 21:55:47.244" rpa="true" schemaversion="3">
<suite id="s1" name="Tasks" source="c:\Robocorp\Sales-Orders-Report\tasks.robot">
<test id="s1-t1" name="Order robots from RobotSpareBin Industries Inc." line="32">
<kw name="Open the robot orders application">
<kw name="Close Browser" library="RPA.Browser.Selenium">
<doc>Closes the current browser.</doc>
<status status="PASS" starttime="20220527 21:55:50.289" endtime="20220527 21:55:50.289"/>
</kw>
<kw name="Open Available Browser" library="RPA.Browser.Selenium">
<arg>${url}</arg>
<doc>Attempts to open a browser on the user's device from a set of
supported browsers. Automatically downloads a corresponding webdriver
if none is already installed.</doc>
<msg timestamp="20220527 21:55:50.291" level="INFO">Creating an instance of the Chrome WebDriver.</msg>
<msg timestamp="20220527 21:55:50.318" level="INFO">Created download root directory: C:\Users\giria\AppData\Local\robocorp\webdrivers</msg>
<msg timestamp="20220527 21:55:50.318" level="INFO">Created symlink directory: C:\Users\giria\AppData\Local\robocorp\webdrivers</msg>
<msg timestamp="20220527 21:55:50.318" level="INFO">Creating an instance of the Chrome WebDriver.</msg>
<msg timestamp="20220527 21:55:52.156" level="INFO">Created Chrome browser with arguments: --disable-dev-shm-usage --disable-web-security --allow-running-insecure-content --no-sandbox</msg>
<msg timestamp="20220527 21:55:52.156" level="INFO" html="true">&lt;p&gt;Attempted combinations:&lt;/p&gt;&lt;div class="doc"&gt;&lt;table&gt;&lt;tr&gt;&lt;th&gt;Browser&lt;/th&gt;&lt;th&gt;Download&lt;/th&gt;&lt;th&gt;Error&lt;/th&gt;&lt;/tr&gt;&lt;tr&gt;&lt;td&gt;Chrome&lt;/td&gt;&lt;td&gt;False&lt;/td&gt;&lt;td&gt;Message: 'chromedriver' executable needs to be in PATH. Please see https://sites.google.com/a/chromium.org/chromedriver/home
&lt;/td&gt;&lt;/tr&gt;&lt;tr&gt;&lt;td&gt;Chrome&lt;/td&gt;&lt;td&gt;True&lt;/td&gt;&lt;td&gt;&lt;/td&gt;&lt;/tr&gt;&lt;/table&gt;&lt;/div&gt;</msg>
<msg timestamp="20220527 21:55:52.156" level="INFO">Opening url 'https://robotsparebinindustries.com/#/robot-order'</msg>
<status status="PASS" starttime="20220527 21:55:50.289" endtime="20220527 21:55:53.568"/>
</kw>
<kw name="Maximize Browser Window" library="RPA.Browser.Selenium">
<doc>Maximizes current browser window.</doc>
<status status="PASS" starttime="20220527 21:55:53.569" endtime="20220527 21:55:53.733"/>
</kw>
<status status="PASS" starttime="20220527 21:55:50.289" endtime="20220527 21:55:53.733"/>
</kw>
<kw name="Download orders file">
<kw name="Download" library="RPA.HTTP">
<arg>url=${csv_url}</arg>
<arg>target_file=${orders_file}</arg>
<arg>overwrite=True</arg>
<doc>An alias for the ``HTTP Get`` keyword.</doc>
<msg timestamp="20220527 21:55:53.733" level="INFO">Creating a new HTTP session</msg>
<msg timestamp="20220527 21:55:53.733" level="INFO">Creating Session using : alias=rpasession_alias.httpsrobotsparebinindustries.com, url=https://robotsparebinindustries.com, headers={},                     cookies={}, auth=None, timeout=None, proxies=None, verify=True,                     debug=0 </msg>
<status status="PASS" starttime="20220527 21:55:53.733" endtime="20220527 21:55:54.145"/>
</kw>
<status status="PASS" starttime="20220527 21:55:53.733" endtime="20220527 21:55:54.145"/>
</kw>
<kw name="Fill the form using orders data from csv file">
<kw name="Read order details from csv file">
<var>${sales_orders}</var>
<kw name="Read table from CSV" library="RPA.Tables">
<var>${sales_orders_table}</var>
<arg>path=${orders_file}</arg>
<doc>Read a CSV file as a table.</doc>
<msg timestamp="20220527 21:55:54.154" level="INFO">${sales_orders_table} = Table(columns=['Order number', 'Head', 'Body', 'Legs', 'Address'], rows=20)</msg>
<status status="PASS" starttime="20220527 21:55:54.145" endtime="20220527 21:55:54.154"/>
</kw>
<kw name="Log" library="BuiltIn">
<arg>${sales_orders_table}</arg>
<doc>Logs the given message with the given level.</doc>
<msg timestamp="20220527 21:55:54.155" level="INFO">Table(columns=['Order number', 'Head', 'Body', 'Legs', 'Address'], rows=20)</msg>
<status status="PASS" starttime="20220527 21:55:54.154" endtime="20220527 21:55:54.155"/>
</kw>
<return>
<value>${sales_orders_table}</value>
<status status="PASS" starttime="20220527 21:55:54.156" endtime="20220527 21:55:54.156"/>
</return>
<msg timestamp="20220527 21:55:54.156" level="INFO">${sales_orders} = Table(columns=['Order number', 'Head', 'Body', 'Legs', 'Address'], rows=20)</msg>
<status status="PASS" starttime="20220527 21:55:54.145" endtime="20220527 21:55:54.156"/>
</kw>
<for flavor="IN">
<var>${sales_order}</var>
<value>@{sales_orders}</value>
<iter>
<var name="${sales_order}">{'Order number': '1', 'Head': '1', 'Body': '2', 'Legs': '3', 'Address': 'Address 123'}</var>
<kw name="Close the annoying modal">
<kw name="Set Local Variable" library="BuiltIn">
<arg>${btn_yep}</arg>
<arg>//div[@class='modal-dialog']//div[@class='alert-buttons']//button[@class='btn btn-warning'][text()='Yep']</arg>
<doc>Makes a variable available everywhere within the local scope.</doc>
<msg timestamp="20220527 21:55:54.161" level="INFO">${btn_yep} = //div[@class='modal-dialog']//div[@class='alert-buttons']//button[@class='btn btn-warning'][text()='Yep']</msg>
<status status="PASS" starttime="20220527 21:55:54.159" endtime="20220527 21:55:54.162"/>
</kw>
<kw name="Wait And Click Button" library="RPA.Browser.Selenium">
<arg>${btn_yep}</arg>
<doc>Click button identified by ``locator``, once it becomes visible.</doc>
<msg timestamp="20220527 21:55:54.216" level="INFO">Clicking button '//div[@class='modal-dialog']//div[@class='alert-buttons']//button[@class='btn btn-warning'][text()='Yep']'.</msg>
<status status="PASS" starttime="20220527 21:55:54.162" endtime="20220527 21:55:54.351"/>
</kw>
<status status="PASS" starttime="20220527 21:55:54.158" endtime="20220527 21:55:54.351"/>
</kw>
<kw name="Create robot order">
<arg>${sales_order}</arg>
<kw name="Set Local Variable" library="BuiltIn">
<arg>${order_no}</arg>
<arg>${sales_order}[Order number]</arg>
<doc>Makes a variable available everywhere within the local scope.</doc>
<msg timestamp="20220527 21:55:54.355" level="INFO">${order_no} = 1</msg>
<status status="PASS" starttime="20220527 21:55:54.353" endtime="20220527 21:55:54.356"/>
</kw>
<kw name="Set Local Variable" library="BuiltIn">
<arg>${head}</arg>
<arg>${sales_order}[Head]</arg>
<doc>Makes a variable available everywhere within the local scope.</doc>
<msg timestamp="20220527 21:55:54.359" level="INFO">${head} = 1</msg>
<status status="PASS" starttime="20220527 21:55:54.356" endtime="20220527 21:55:54.359"/>
</kw>
<kw name="Set Local Variable" library="BuiltIn">
<arg>${body}</arg>
<arg>${sales_order}[Body]</arg>
<doc>Makes a variable available everywhere within the local scope.</doc>
<msg timestamp="20220527 21:55:54.362" level="INFO">${body} = 2</msg>
<status status="PASS" starttime="20220527 21:55:54.359" endtime="20220527 21:55:54.363"/>
</kw>
<kw name="Set Local Variable" library="BuiltIn">
<arg>${legs}</arg>
<arg>${sales_order}[Legs]</arg>
<doc>Makes a variable available everywhere within the local scope.</doc>
<msg timestamp="20220527 21:55:54.366" level="INFO">${legs} = 3</msg>
<status status="PASS" starttime="20220527 21:55:54.363" endtime="20220527 21:55:54.366"/>
</kw>
<kw name="Set Local Variable" library="BuiltIn">
<arg>${address}</arg>
<arg>${sales_order}[Address]</arg>
<doc>Makes a variable available everywhere within the local scope.</doc>
<msg timestamp="20220527 21:55:54.369" level="INFO">${address} = Address 123</msg>
<status status="PASS" starttime="20220527 21:55:54.367" endtime="20220527 21:55:54.370"/>
</kw>
<kw name="Set Local Variable" library="BuiltIn">
<arg>${input_head}</arg>
<arg>//*[@id="head"]</arg>
<doc>Makes a variable available everywhere within the local scope.</doc>
<msg timestamp="20220527 21:55:54.373" level="INFO">${input_head} = //*[@id="head"]</msg>
<status status="PASS" starttime="20220527 21:55:54.370" endtime="20220527 21:55:54.373"/>
</kw>
<kw name="Set Local Variable" library="BuiltIn">
<arg>${input_body}</arg>
<arg>body</arg>
<doc>Makes a variable available everywhere within the local scope.</doc>
<msg timestamp="20220527 21:55:54.377" level="INFO">${input_body} = body</msg>
<status status="PASS" starttime="20220527 21:55:54.374" endtime="20220527 21:55:54.377"/>
</kw>
<kw name="Set Local Variable" library="BuiltIn">
<arg>${input_legs}</arg>
<arg>xpath://input[@class='form-control'][@placeholder='Enter the part number for the legs']</arg>
<doc>Makes a variable available everywhere within the local scope.</doc>
<msg timestamp="20220527 21:55:54.380" level="INFO">${input_legs} = xpath://input[@class='form-control'][@placeholder='Enter the part number for the legs']</msg>
<status status="PASS" starttime="20220527 21:55:54.377" endtime="20220527 21:55:54.380"/>
</kw>
<kw name="Set Local Variable" library="BuiltIn">
<arg>${input_address}</arg>
<arg>//*[@id="address"]</arg>
<doc>Makes a variable available everywhere within the local scope.</doc>
<msg timestamp="20220527 21:55:54.385" level="INFO">${input_address} = //*[@id="address"]</msg>
<status status="PASS" starttime="20220527 21:55:54.380" endtime="20220527 21:55:54.385"/>
</kw>
<kw name="Set Local Variable" library="BuiltIn">
<arg>${btn_preview}</arg>
<arg>//*[@id="preview"]</arg>
<doc>Makes a variable available everywhere within the local scope.</doc>
<msg timestamp="20220527 21:55:54.389" level="INFO">${btn_preview} = //*[@id="preview"]</msg>
<status status="PASS" starttime="20220527 21:55:54.386" endtime="20220527 21:55:54.389"/>
</kw>
<kw name="Set Local Variable" library="BuiltIn">
<arg>${btn_order}</arg>
<arg>//*[@id="order"]</arg>
<doc>Makes a variable available everywhere within the local scope.</doc>
<msg timestamp="20220527 21:55:54.392" level="INFO">${btn_order} = //*[@id="order"]</msg>
<status status="PASS" starttime="20220527 21:55:54.391" endtime="20220527 21:55:54.392"/>
</kw>
<kw name="Set Local Variable" library="BuiltIn">
<arg>${img_preview}</arg>
<arg>//*[@id="robot-preview-image"]</arg>
<doc>Makes a variable available everywhere within the local scope.</doc>
<msg timestamp="20220527 21:55:54.396" level="INFO">${img_preview} = //*[@id="robot-preview-image"]</msg>
<status status="PASS" starttime="20220527 21:55:54.392" endtime="20220527 21:55:54.396"/>
</kw>
<kw name="Wait Until Element Is Visible" library="RPA.Browser.Selenium">
<arg>${input_head}</arg>
<doc>Waits until the element ``locator`` is visible.</doc>
<status status="PASS" starttime="20220527 21:55:54.399" endtime="20220527 21:55:54.445"/>
</kw>
<kw name="Wait Until Element Is Enabled" library="RPA.Browser.Selenium">
<arg>${input_head}</arg>
<doc>Waits until the element ``locator`` is enabled.</doc>
<status status="PASS" starttime="20220527 21:55:54.446" endtime="20220527 21:55:54.492"/>
</kw>
<kw name="Select From List By Value" library="RPA.Browser.Selenium">
<arg>${input_head}</arg>
<arg>${head}</arg>
<doc>Selects options from selection list ``locator`` by ``values``.</doc>
<msg timestamp="20220527 21:55:54.494" level="INFO">Selecting options from selection list '//*[@id="head"]' by value 1.</msg>
<status status="PASS" starttime="20220527 21:55:54.493" endtime="20220527 21:55:54.591"/>
</kw>
<kw name="Wait Until Element Is Enabled" library="RPA.Browser.Selenium">
<arg>${input_body}</arg>
<doc>Waits until the element ``locator`` is enabled.</doc>
<status status="PASS" starttime="20220527 21:55:54.591" endtime="20220527 21:55:54.632"/>
</kw>
<kw name="Select Radio Button" library="RPA.Browser.Selenium">
<arg>${input_body}</arg>
<arg>${body}</arg>
<doc>Sets the radio button group ``group_name`` to ``value``.</doc>
<msg timestamp="20220527 21:55:54.634" level="INFO">Selecting '2' from radio button 'body'.</msg>
<status status="PASS" starttime="20220527 21:55:54.632" endtime="20220527 21:55:54.703"/>
</kw>
<kw name="Wait Until Element Is Enabled" library="RPA.Browser.Selenium">
<arg>${input_legs}</arg>
<doc>Waits until the element ``locator`` is enabled.</doc>
<status status="PASS" starttime="20220527 21:55:54.703" endtime="20220527 21:55:54.738"/>
</kw>
<kw name="Input Text" library="RPA.Browser.Selenium">
<arg>${input_legs}</arg>
<arg>${legs}</arg>
<doc>Types the given ``text`` into the text field identified by ``locator``.</doc>
<msg timestamp="20220527 21:55:54.738" level="INFO">Typing text '3' into text field 'xpath://input[@class='form-control'][@placeholder='Enter the part number for the legs']'.</msg>
<status status="PASS" starttime="20220527 21:55:54.738" endtime="20220527 21:55:54.847"/>
</kw>
<kw name="Wait Until Element Is Enabled" library="RPA.Browser.Selenium">
<arg>${input_address}</arg>
<doc>Waits until the element ``locator`` is enabled.</doc>
<status status="PASS" starttime="20220527 21:55:54.847" endtime="20220527 21:55:54.888"/>
</kw>
<kw name="Input Text" library="RPA.Browser.Selenium">
<arg>${input_address}</arg>
<arg>${address}</arg>
<doc>Types the given ``text`` into the text field identified by ``locator``.</doc>
<msg timestamp="20220527 21:55:54.890" level="INFO">Typing text 'Address 123' into text field '//*[@id="address"]'.</msg>
<status status="PASS" starttime="20220527 21:55:54.888" endtime="20220527 21:55:55.010"/>
</kw>
<status status="PASS" starttime="20220527 21:55:54.352" endtime="20220527 21:55:55.011"/>
</kw>
<kw name="Wait Until Keyword Succeeds" library="BuiltIn">
<arg>10x</arg>
<arg>2s</arg>
<arg>Preview the robot</arg>
<doc>Runs the specified keyword and retries if it fails.</doc>
<kw name="Preview the robot">
<kw name="Set Local Variable" library="BuiltIn">
<arg>${btn_preview}</arg>
<arg>//*[@id="preview"]</arg>
<doc>Makes a variable available everywhere within the local scope.</doc>
<msg timestamp="20220527 21:55:55.016" level="INFO">${btn_preview} = //*[@id="preview"]</msg>
<status status="PASS" starttime="20220527 21:55:55.012" endtime="20220527 21:55:55.016"/>
</kw>
<kw name="Set Local Variable" library="BuiltIn">
<arg>${img_preview}</arg>
<arg>//*[@id="robot-preview-image"]</arg>
<doc>Makes a variable available everywhere within the local scope.</doc>
<msg timestamp="20220527 21:55:55.019" level="INFO">${img_preview} = //*[@id="robot-preview-image"]</msg>
<status status="PASS" starttime="20220527 21:55:55.016" endtime="20220527 21:55:55.019"/>
</kw>
<kw name="Click Button" library="RPA.Browser.Selenium">
<arg>${btn_preview}</arg>
<doc>Clicks the button identified by ``locator``.</doc>
<msg timestamp="20220527 21:55:55.019" level="INFO">Clicking button '//*[@id="preview"]'.</msg>
<status status="PASS" starttime="20220527 21:55:55.019" endtime="20220527 21:55:55.103"/>
</kw>
<kw name="Wait Until Element Is Visible" library="RPA.Browser.Selenium">
<arg>${img_preview}</arg>
<doc>Waits until the element ``locator`` is visible.</doc>
<status status="PASS" starttime="20220527 21:55:55.104" endtime="20220527 21:55:55.140"/>
</kw>
<status status="PASS" starttime="20220527 21:55:55.012" endtime="20220527 21:55:55.140"/>
</kw>
<status status="PASS" starttime="20220527 21:55:55.012" endtime="20220527 21:55:55.142"/>
</kw>
<kw name="Wait Until Keyword Succeeds" library="BuiltIn">
<arg>10x</arg>
<arg>2s</arg>
<arg>Submit The Order</arg>
<doc>Runs the specified keyword and retries if it fails.</doc>
<kw name="Submit the order">
<kw name="Set Local Variable" library="BuiltIn">
<arg>${btn_order}</arg>
<arg>//*[@id="order"]</arg>
<doc>Makes a variable available everywhere within the local scope.</doc>
<msg timestamp="20220527 21:55:55.147" level="INFO">${btn_order} = //*[@id="order"]</msg>
<status status="PASS" starttime="20220527 21:55:55.142" endtime="20220527 21:55:55.147"/>
</kw>
<kw name="Set Local Variable" library="BuiltIn">
<arg>${lbl_receipt}</arg>
<arg>//*[@id="receipt"]</arg>
<doc>Makes a variable available everywhere within the local scope.</doc>
<msg timestamp="20220527 21:55:55.151" level="INFO">${lbl_receipt} = //*[@id="receipt"]</msg>
<status status="PASS" starttime="20220527 21:55:55.148" endtime="20220527 21:55:55.151"/>
</kw>
<kw name="Mute Run On Failure" library="RPA.RobotLogListener">
<arg>Page Should Contain Element</arg>
<doc>Set keywords which should not execute `SeleniumLibrary`
default behaviour of running keyword on failure.</doc>
<kw name="Get Library Instance" library="BuiltIn">
<arg>RPA.Browser</arg>
<doc>Returns the currently active instance of the specified library.</doc>
<msg timestamp="20220527 21:55:55.155" level="FAIL">No library 'RPA.Browser' found.</msg>
<status status="FAIL" starttime="20220527 21:55:55.153" endtime="20220527 21:55:55.158"/>
</kw>
<kw name="Get Library Instance" library="BuiltIn">
<arg>RPA.Browser.Selenium</arg>
<doc>Returns the currently active instance of the specified library.</doc>
<status status="PASS" starttime="20220527 21:55:55.158" endtime="20220527 21:55:55.160"/>
</kw>
<status status="PASS" starttime="20220527 21:55:55.151" endtime="20220527 21:55:55.161"/>
</kw>
<kw name="Click Button" library="RPA.Browser.Selenium">
<arg>${btn_order}</arg>
<doc>Clicks the button identified by ``locator``.</doc>
<msg timestamp="20220527 21:55:55.162" level="INFO">Clicking button '//*[@id="order"]'.</msg>
<status status="PASS" starttime="20220527 21:55:55.161" endtime="20220527 21:55:55.258"/>
</kw>
<kw name="Page Should Contain Element" library="RPA.Browser.Selenium">
<arg>${lbl_receipt}</arg>
<doc>Verifies that element ``locator`` is found on the current page.</doc>
<msg timestamp="20220527 21:55:55.258" level="INFO">No keyword will be run on failure.</msg>
<msg timestamp="20220527 21:55:55.283" level="FAIL">Page should have contained element '//*[@id="receipt"]' but did not.</msg>
<msg timestamp="20220527 21:55:55.284" level="INFO">Capture Page Screenshot will be run on failure.</msg>
<status status="FAIL" starttime="20220527 21:55:55.258" endtime="20220527 21:55:55.284"/>
</kw>
<status status="FAIL" starttime="20220527 21:55:55.142" endtime="20220527 21:55:55.284"/>
</kw>
<kw name="Submit the order">
<kw name="Set Local Variable" library="BuiltIn">
<arg>${btn_order}</arg>
<arg>//*[@id="order"]</arg>
<doc>Makes a variable available everywhere within the local scope.</doc>
<msg timestamp="20220527 21:55:57.302" level="INFO">${btn_order} = //*[@id="order"]</msg>
<status status="PASS" starttime="20220527 21:55:57.298" endtime="20220527 21:55:57.302"/>
</kw>
<kw name="Set Local Variable" library="BuiltIn">
<arg>${lbl_receipt}</arg>
<arg>//*[@id="receipt"]</arg>
<doc>Makes a variable available everywhere within the local scope.</doc>
<msg timestamp="20220527 21:55:57.303" level="INFO">${lbl_receipt} = //*[@id="receipt"]</msg>
<status status="PASS" starttime="20220527 21:55:57.302" endtime="20220527 21:55:57.303"/>
</kw>
<kw name="Mute Run On Failure" library="RPA.RobotLogListener">
<arg>Page Should Contain Element</arg>
<doc>Set keywords which should not execute `SeleniumLibrary`
default behaviour of running keyword on failure.</doc>
<kw name="Get Library Instance" library="BuiltIn">
<arg>RPA.Browser</arg>
<doc>Returns the currently active instance of the specified library.</doc>
<msg timestamp="20220527 21:55:57.306" level="FAIL">No library 'RPA.Browser' found.</msg>
<status status="FAIL" starttime="20220527 21:55:57.303" endtime="20220527 21:55:57.306"/>
</kw>
<kw name="Get Library Instance" library="BuiltIn">
<arg>RPA.Browser.Selenium</arg>
<doc>Returns the currently active instance of the specified library.</doc>
<status status="PASS" starttime="20220527 21:55:57.306" endtime="20220527 21:55:57.306"/>
</kw>
<status status="PASS" starttime="20220527 21:55:57.303" endtime="20220527 21:55:57.306"/>
</kw>
<kw name="Click Button" library="RPA.Browser.Selenium">
<arg>${btn_order}</arg>
<doc>Clicks the button identified by ``locator``.</doc>
<msg timestamp="20220527 21:55:57.306" level="INFO">Clicking button '//*[@id="order"]'.</msg>
<status status="PASS" starttime="20220527 21:55:57.306" endtime="20220527 21:55:57.376"/>
</kw>
<kw name="Page Should Contain Element" library="RPA.Browser.Selenium">
<arg>${lbl_receipt}</arg>
<doc>Verifies that element ``locator`` is found on the current page.</doc>
<msg timestamp="20220527 21:55:57.376" level="INFO">No keyword will be run on failure.</msg>
<msg timestamp="20220527 21:55:57.376" level="INFO">No keyword will be run on failure.</msg>
<msg timestamp="20220527 21:55:57.388" level="INFO">Current page contains element '//*[@id="receipt"]'.</msg>
<status status="PASS" starttime="20220527 21:55:57.376" endtime="20220527 21:55:57.388"/>
</kw>
<status status="PASS" starttime="20220527 21:55:57.297" endtime="20220527 21:55:57.388"/>
</kw>
<status status="PASS" starttime="20220527 21:55:55.142" endtime="20220527 21:55:57.388"/>
</kw>
<kw name="Take a screenshot of the robot">
<var>${orderid}</var>
<var>${img_filename}</var>
<kw name="Set Local Variable" library="BuiltIn">
<arg>${lbl_orderid}</arg>
<arg>xpath://div[@id='receipt']/p[@class='badge badge-success']</arg>
<doc>Makes a variable available everywhere within the local scope.</doc>
<msg timestamp="20220527 21:55:57.388" level="INFO">${lbl_orderid} = xpath://div[@id='receipt']/p[@class='badge badge-success']</msg>
<status status="PASS" starttime="20220527 21:55:57.388" endtime="20220527 21:55:57.388"/>
</kw>
<kw name="Set Local Variable" library="BuiltIn">
<arg>${img_robot}</arg>
<arg>//*[@id="robot-preview-image"]</arg>
<doc>Makes a variable available everywhere within the local scope.</doc>
<msg timestamp="20220527 21:55:57.396" level="INFO">${img_robot} = //*[@id="robot-preview-image"]</msg>
<status status="PASS" starttime="20220527 21:55:57.388" endtime="20220527 21:55:57.396"/>
</kw>
<kw name="Wait Until Element Is Visible" library="RPA.Browser.Selenium">
<arg>${img_robot}</arg>
<doc>Waits until the element ``locator`` is visible.</doc>
<status status="PASS" starttime="20220527 21:55:57.397" endtime="20220527 21:55:57.407"/>
</kw>
<kw name="Wait Until Element Is Visible" library="RPA.Browser.Selenium">
<arg>${lbl_orderid}</arg>
<doc>Waits until the element ``locator`` is visible.</doc>
<status status="PASS" starttime="20220527 21:55:57.407" endtime="20220527 21:55:57.432"/>
</kw>
<kw name="Get Text" library="RPA.Browser.Selenium">
<var>${orderid}</var>
<arg>${lbl_orderid}</arg>
<doc>Returns the text value of the element identified by ``locator``.</doc>
<msg timestamp="20220527 21:55:57.458" level="INFO">${orderid} = RSB-ROBO-ORDER-SYO6XIRNPI</msg>
<status status="PASS" starttime="20220527 21:55:57.432" endtime="20220527 21:55:57.458"/>
</kw>
<kw name="Set Local Variable" library="BuiltIn">
<arg>${order_success_img_filename}</arg>
<arg>${img_folder}${/}${orderid}.png</arg>
<doc>Makes a variable available everywhere within the local scope.</doc>
<msg timestamp="20220527 21:55:57.458" level="INFO">${order_success_img_filename} = c:\Robocorp\Sales-Orders-Report\image_files\RSB-ROBO-ORDER-SYO6XIRNPI.png</msg>
<status status="PASS" starttime="20220527 21:55:57.458" endtime="20220527 21:55:57.458"/>
</kw>
<kw name="Sleep" library="BuiltIn">
<arg>1sec</arg>
<doc>Pauses the test executed for the given time.</doc>
<msg timestamp="20220527 21:55:58.469" level="INFO">Slept 1 second</msg>
<status status="PASS" starttime="20220527 21:55:57.458" endtime="20220527 21:55:58.469"/>
</kw>
<kw name="Log To Console" library="BuiltIn">
<arg>Capturing Screenshot to ${order_success_img_filename}</arg>
<doc>Logs the given message to the console.</doc>
<status status="PASS" starttime="20220527 21:55:58.469" endtime="20220527 21:55:58.469"/>
</kw>
<kw name="Capture Element Screenshot" library="RPA.Browser.Selenium">
<arg>${img_robot}</arg>
<arg>${order_success_img_filename}</arg>
<doc>Captures a screenshot from the element identified by ``locator`` and embeds it into log file.</doc>
<msg timestamp="20220527 21:55:58.888" level="INFO" html="true">&lt;/td&gt;&lt;/tr&gt;&lt;tr&gt;&lt;td colspan="3"&gt;&lt;a href="../image_files/RSB-ROBO-ORDER-SYO6XIRNPI.png"&gt;&lt;img src="../image_files/RSB-ROBO-ORDER-SYO6XIRNPI.png" width="400px"&gt;&lt;/a&gt;</msg>
<status status="PASS" starttime="20220527 21:55:58.469" endtime="20220527 21:55:58.889"/>
</kw>
<return>
<value>${orderid}</value>
<value>${order_success_img_filename}</value>
<status status="PASS" starttime="20220527 21:55:58.889" endtime="20220527 21:55:58.890"/>
</return>
<msg timestamp="20220527 21:55:58.894" level="INFO">${orderid} = RSB-ROBO-ORDER-SYO6XIRNPI</msg>
<msg timestamp="20220527 21:55:58.894" level="INFO">${img_filename} = c:\Robocorp\Sales-Orders-Report\image_files\RSB-ROBO-ORDER-SYO6XIRNPI.png</msg>
<status status="PASS" starttime="20220527 21:55:57.388" endtime="20220527 21:55:58.894"/>
</kw>
<kw name="Store the receipt as a PDF file">
<var>${pdf_filename}</var>
<arg>ORDER_NUMBER=${order_id}</arg>
<kw name="Set Local Variable" library="BuiltIn">
<arg>${order_receipt}</arg>
<arg>//*[@id="receipt"]</arg>
<doc>Makes a variable available everywhere within the local scope.</doc>
<msg timestamp="20220527 21:55:58.898" level="INFO">${order_receipt} = //*[@id="receipt"]</msg>
<status status="PASS" starttime="20220527 21:55:58.898" endtime="20220527 21:55:58.898"/>
</kw>
<kw name="Wait Until Element Is Visible" library="RPA.Browser.Selenium">
<arg>${order_receipt}</arg>
<doc>Waits until the element ``locator`` is visible.</doc>
<status status="PASS" starttime="20220527 21:55:58.902" endtime="20220527 21:55:58.939"/>
</kw>
<kw name="Log To Console" library="BuiltIn">
<arg>Printing ${ORDER_NUMBER}</arg>
<doc>Logs the given message to the console.</doc>
<status status="PASS" starttime="20220527 21:55:58.940" endtime="20220527 21:55:58.941"/>
</kw>
<kw name="Get Element Attribute" library="RPA.Browser.Selenium">
<var>${order_receipt_html}</var>
<arg>${order_receipt}</arg>
<arg>outerHTML</arg>
<doc>Returns the value of ``attribute`` from the element ``locator``.</doc>
<msg timestamp="20220527 21:55:58.985" level="INFO">${order_receipt_html} = &lt;div id="receipt" class="alert alert-success" role="alert"&gt;&lt;h3&gt;Receipt&lt;/h3&gt;&lt;div&gt;2022-05-27T16:25:57.366Z&lt;/div&gt;&lt;p class="badge badge-success"&gt;RSB-ROBO-ORDER-SYO6XIRNPI&lt;/p&gt;&lt;p&gt;Address 123&lt;/p&gt;&lt;div id="par...</msg>
<status status="PASS" starttime="20220527 21:55:58.941" endtime="20220527 21:55:58.985"/>
</kw>
<kw name="Set Local Variable" library="BuiltIn">
<arg>${order_success_pdf_filename}</arg>
<arg>${pdf_folder}${/}${ORDER_NUMBER}.pdf</arg>
<doc>Makes a variable available everywhere within the local scope.</doc>
<msg timestamp="20220527 21:55:58.988" level="INFO">${order_success_pdf_filename} = c:\Robocorp\Sales-Orders-Report\pdf_files\RSB-ROBO-ORDER-SYO6XIRNPI.pdf</msg>
<status status="PASS" starttime="20220527 21:55:58.985" endtime="20220527 21:55:58.988"/>
</kw>
<kw name="Html To Pdf" library="RPA.PDF">
<arg>content=${order_receipt_html}</arg>
<arg>output_path=${order_success_pdf_filename}</arg>
<doc>Generate a PDF file from HTML content.</doc>
<msg timestamp="20220527 21:55:58.991" level="INFO">Writing output to file C:\Robocorp\Sales-Orders-Report\pdf_files\RSB-ROBO-ORDER-SYO6XIRNPI.pdf</msg>
<status status="PASS" starttime="20220527 21:55:58.989" endtime="20220527 21:55:59.345"/>
</kw>
<return>
<value>${order_success_pdf_filename}</value>
<status status="PASS" starttime="20220527 21:55:59.347" endtime="20220527 21:55:59.347"/>
</return>
<msg timestamp="20220527 21:55:59.348" level="INFO">${pdf_filename} = c:\Robocorp\Sales-Orders-Report\pdf_files\RSB-ROBO-ORDER-SYO6XIRNPI.pdf</msg>
<status status="PASS" starttime="20220527 21:55:58.894" endtime="20220527 21:55:59.348"/>
</kw>
<kw name="Embed the robot screenshot to the receipt PDF file">
<arg>IMG_FILE=${img_filename}</arg>
<arg>PDF_FILE=${pdf_filename}</arg>
<kw name="Log To Console" library="BuiltIn">
<arg>Printing Embedding image ${IMG_FILE} in pdf file ${PDF_FILE}</arg>
<doc>Logs the given message to the console.</doc>
<status status="PASS" starttime="20220527 21:55:59.350" endtime="20220527 21:55:59.351"/>
</kw>
<kw name="Open Pdf" library="RPA.PDF">
<arg>${PDF_FILE}</arg>
<doc>Open a PDF document for reading.</doc>
<status status="PASS" starttime="20220527 21:55:59.352" endtime="20220527 21:55:59.354"/>
</kw>
<kw name="Create List" library="BuiltIn">
<var>@{myfiles}</var>
<arg>${IMG_FILE}:x=0,y=0</arg>
<doc>Returns a list containing given items.</doc>
<msg timestamp="20220527 21:55:59.355" level="INFO">@{myfiles} = [ c:\Robocorp\Sales-Orders-Report\image_files\RSB-ROBO-ORDER-SYO6XIRNPI.png:x=0,y=0 ]</msg>
<status status="PASS" starttime="20220527 21:55:59.354" endtime="20220527 21:55:59.355"/>
</kw>
<kw name="Add Files To Pdf" library="RPA.PDF">
<arg>${myfiles}</arg>
<arg>${PDF_FILE}</arg>
<arg>${True}</arg>
<doc>Add images and/or pdfs to new PDF document</doc>
<msg timestamp="20220527 21:55:59.362" level="INFO">Adding page: 0</msg>
<msg timestamp="20220527 21:55:59.362" level="INFO">File c:\Robocorp\Sales-Orders-Report\image_files\RSB-ROBO-ORDER-SYO6XIRNPI.png type: png</msg>
<msg timestamp="20220527 21:55:59.362" level="INFO">Image parameters: {'x': '0', 'y': '0'}</msg>
<status status="PASS" starttime="20220527 21:55:59.356" endtime="20220527 21:55:59.704"/>
</kw>
<kw name="Sleep" library="BuiltIn">
<arg>5s</arg>
<doc>Pauses the test executed for the given time.</doc>
<msg timestamp="20220527 21:56:04.712" level="INFO">Slept 5 seconds</msg>
<status status="PASS" starttime="20220527 21:55:59.710" endtime="20220527 21:56:04.712"/>
</kw>
<status status="PASS" starttime="20220527 21:55:59.349" endtime="20220527 21:56:04.714"/>
</kw>
<kw name="Create order for order another robot">
<kw name="Set Local Variable" library="BuiltIn">
<arg>${btn_order_another_robot}</arg>
<arg>//*[@id="order-another"]</arg>
<doc>Makes a variable available everywhere within the local scope.</doc>
<msg timestamp="20220527 21:56:04.714" level="INFO">${btn_order_another_robot} = //*[@id="order-another"]</msg>
<status status="PASS" starttime="20220527 21:56:04.714" endtime="20220527 21:56:04.714"/>
</kw>
<kw name="Click Button" library="RPA.Browser.Selenium">
<arg>${btn_order_another_robot}</arg>
<doc>Clicks the button identified by ``locator``.</doc>
<msg timestamp="20220527 21:56:04.714" level="INFO">Clicking button '//*[@id="order-another"]'.</msg>
<status status="PASS" starttime="20220527 21:56:04.714" endtime="20220527 21:56:04.950"/>
</kw>
<status status="PASS" starttime="20220527 21:56:04.714" endtime="20220527 21:56:04.950"/>
</kw>
<status status="PASS" starttime="20220527 21:55:54.158" endtime="20220527 21:56:04.950"/>
</iter>
<iter>
<var name="${sales_order}">{'Order number': '2', 'Head': '4', 'Body': '1', 'Legs': '5', 'Address': 'Address 456'}</var>
<kw name="Close the annoying modal">
<kw name="Set Local Variable" library="BuiltIn">
<arg>${btn_yep}</arg>
<arg>//div[@class='modal-dialog']//div[@class='alert-buttons']//button[@class='btn btn-warning'][text()='Yep']</arg>
<doc>Makes a variable available everywhere within the local scope.</doc>
<msg timestamp="20220527 21:56:04.958" level="INFO">${btn_yep} = //div[@class='modal-dialog']//div[@class='alert-buttons']//button[@class='btn btn-warning'][text()='Yep']</msg>
<status status="PASS" starttime="20220527 21:56:04.950" endtime="20220527 21:56:04.958"/>
</kw>
<kw name="Wait And Click Button" library="RPA.Browser.Selenium">
<arg>${btn_yep}</arg>
<doc>Click button identified by ``locator``, once it becomes visible.</doc>
<msg timestamp="20220527 21:56:04.982" level="INFO">Clicking button '//div[@class='modal-dialog']//div[@class='alert-buttons']//button[@class='btn btn-warning'][text()='Yep']'.</msg>
<status status="PASS" starttime="20220527 21:56:04.958" endtime="20220527 21:56:05.047"/>
</kw>
<status status="PASS" starttime="20220527 21:56:04.950" endtime="20220527 21:56:05.047"/>
</kw>
<kw name="Create robot order">
<arg>${sales_order}</arg>
<kw name="Set Local Variable" library="BuiltIn">
<arg>${order_no}</arg>
<arg>${sales_order}[Order number]</arg>
<doc>Makes a variable available everywhere within the local scope.</doc>
<msg timestamp="20220527 21:56:05.047" level="INFO">${order_no} = 2</msg>
<status status="PASS" starttime="20220527 21:56:05.047" endtime="20220527 21:56:05.047"/>
</kw>
<kw name="Set Local Variable" library="BuiltIn">
<arg>${head}</arg>
<arg>${sales_order}[Head]</arg>
<doc>Makes a variable available everywhere within the local scope.</doc>
<msg timestamp="20220527 21:56:05.047" level="INFO">${head} = 4</msg>
<status status="PASS" starttime="20220527 21:56:05.047" endtime="20220527 21:56:05.047"/>
</kw>
<kw name="Set Local Variable" library="BuiltIn">
<arg>${body}</arg>
<arg>${sales_order}[Body]</arg>
<doc>Makes a variable available everywhere within the local scope.</doc>
<msg timestamp="20220527 21:56:05.047" level="INFO">${body} = 1</msg>
<status status="PASS" starttime="20220527 21:56:05.047" endtime="20220527 21:56:05.047"/>
</kw>
<kw name="Set Local Variable" library="BuiltIn">
<arg>${legs}</arg>
<arg>${sales_order}[Legs]</arg>
<doc>Makes a variable available everywhere within the local scope.</doc>
<msg timestamp="20220527 21:56:05.047" level="INFO">${legs} = 5</msg>
<status status="PASS" starttime="20220527 21:56:05.047" endtime="20220527 21:56:05.047"/>
</kw>
<kw name="Set Local Variable" library="BuiltIn">
<arg>${address}</arg>
<arg>${sales_order}[Address]</arg>
<doc>Makes a variable available everywhere within the local scope.</doc>
<msg timestamp="20220527 21:56:05.056" level="INFO">${address} = Address 456</msg>
<status status="PASS" starttime="20220527 21:56:05.047" endtime="20220527 21:56:05.056"/>
</kw>
<kw name="Set Local Variable" library="BuiltIn">
<arg>${input_head}</arg>
<arg>//*[@id="head"]</arg>
<doc>Makes a variable available everywhere within the local scope.</doc>
<msg timestamp="20220527 21:56:05.056" level="INFO">${input_head} = //*[@id="head"]</msg>
<status status="PASS" starttime="20220527 21:56:05.056" endtime="20220527 21:56:05.056"/>
</kw>
<kw name="Set Local Variable" library="BuiltIn">
<arg>${input_body}</arg>
<arg>body</arg>
<doc>Makes a variable available everywhere within the local scope.</doc>
<msg timestamp="20220527 21:56:05.056" level="INFO">${input_body} = body</msg>
<status status="PASS" starttime="20220527 21:56:05.056" endtime="20220527 21:56:05.056"/>
</kw>
<kw name="Set Local Variable" library="BuiltIn">
<arg>${input_legs}</arg>
<arg>xpath://input[@class='form-control'][@placeholder='Enter the part number for the legs']</arg>
<doc>Makes a variable available everywhere within the local scope.</doc>
<msg timestamp="20220527 21:56:05.056" level="INFO">${input_legs} = xpath://input[@class='form-control'][@placeholder='Enter the part number for the legs']</msg>
<status status="PASS" starttime="20220527 21:56:05.056" endtime="20220527 21:56:05.056"/>
</kw>
<kw name="Set Local Variable" library="BuiltIn">
<arg>${input_address}</arg>
<arg>//*[@id="address"]</arg>
<doc>Makes a variable available everywhere within the local scope.</doc>
<msg timestamp="20220527 21:56:05.064" level="INFO">${input_address} = //*[@id="address"]</msg>
<status status="PASS" starttime="20220527 21:56:05.056" endtime="20220527 21:56:05.064"/>
</kw>
<kw name="Set Local Variable" library="BuiltIn">
<arg>${btn_preview}</arg>
<arg>//*[@id="preview"]</arg>
<doc>Makes a variable available everywhere within the local scope.</doc>
<msg timestamp="20220527 21:56:05.064" level="INFO">${btn_preview} = //*[@id="preview"]</msg>
<status status="PASS" starttime="20220527 21:56:05.064" endtime="20220527 21:56:05.064"/>
</kw>
<kw name="Set Local Variable" library="BuiltIn">
<arg>${btn_order}</arg>
<arg>//*[@id="order"]</arg>
<doc>Makes a variable available everywhere within the local scope.</doc>
<msg timestamp="20220527 21:56:05.064" level="INFO">${btn_order} = //*[@id="order"]</msg>
<status status="PASS" starttime="20220527 21:56:05.064" endtime="20220527 21:56:05.064"/>
</kw>
<kw name="Set Local Variable" library="BuiltIn">
<arg>${img_preview}</arg>
<arg>//*[@id="robot-preview-image"]</arg>
<doc>Makes a variable available everywhere within the local scope.</doc>
<msg timestamp="20220527 21:56:05.064" level="INFO">${img_preview} = //*[@id="robot-preview-image"]</msg>
<status status="PASS" starttime="20220527 21:56:05.064" endtime="20220527 21:56:05.064"/>
</kw>
<kw name="Wait Until Element Is Visible" library="RPA.Browser.Selenium">
<arg>${input_head}</arg>
<doc>Waits until the element ``locator`` is visible.</doc>
<status status="PASS" starttime="20220527 21:56:05.072" endtime="20220527 21:56:05.096"/>
</kw>
<kw name="Wait Until Element Is Enabled" library="RPA.Browser.Selenium">
<arg>${input_head}</arg>
<doc>Waits until the element ``locator`` is enabled.</doc>
<status status="PASS" starttime="20220527 21:56:05.096" endtime="20220527 21:56:05.112"/>
</kw>
<kw name="Select From List By Value" library="RPA.Browser.Selenium">
<arg>${input_head}</arg>
<arg>${head}</arg>
<doc>Selects options from selection list ``locator`` by ``values``.</doc>
<msg timestamp="20220527 21:56:05.112" level="INFO">Selecting options from selection list '//*[@id="head"]' by value 4.</msg>
<status status="PASS" starttime="20220527 21:56:05.112" endtime="20220527 21:56:05.160"/>
</kw>
<kw name="Wait Until Element Is Enabled" library="RPA.Browser.Selenium">
<arg>${input_body}</arg>
<doc>Waits until the element ``locator`` is enabled.</doc>
<status status="PASS" starttime="20220527 21:56:05.160" endtime="20220527 21:56:05.187"/>
</kw>
<kw name="Select Radio Button" library="RPA.Browser.Selenium">
<arg>${input_body}</arg>
<arg>${body}</arg>
<doc>Sets the radio button group ``group_name`` to ``value``.</doc>
<msg timestamp="20220527 21:56:05.187" level="INFO">Selecting '1' from radio button 'body'.</msg>
<status status="PASS" starttime="20220527 21:56:05.187" endtime="20220527 21:56:05.237"/>
</kw>
<kw name="Wait Until Element Is Enabled" library="RPA.Browser.Selenium">
<arg>${input_legs}</arg>
<doc>Waits until the element ``locator`` is enabled.</doc>
<status status="PASS" starttime="20220527 21:56:05.237" endtime="20220527 21:56:05.258"/>
</kw>
<kw name="Input Text" library="RPA.Browser.Selenium">
<arg>${input_legs}</arg>
<arg>${legs}</arg>
<doc>Types the given ``text`` into the text field identified by ``locator``.</doc>
<msg timestamp="20220527 21:56:05.258" level="INFO">Typing text '5' into text field 'xpath://input[@class='form-control'][@placeholder='Enter the part number for the legs']'.</msg>
<status status="PASS" starttime="20220527 21:56:05.258" endtime="20220527 21:56:05.341"/>
</kw>
<kw name="Wait Until Element Is Enabled" library="RPA.Browser.Selenium">
<arg>${input_address}</arg>
<doc>Waits until the element ``locator`` is enabled.</doc>
<status status="PASS" starttime="20220527 21:56:05.341" endtime="20220527 21:56:05.365"/>
</kw>
<kw name="Input Text" library="RPA.Browser.Selenium">
<arg>${input_address}</arg>
<arg>${address}</arg>
<doc>Types the given ``text`` into the text field identified by ``locator``.</doc>
<msg timestamp="20220527 21:56:05.365" level="INFO">Typing text 'Address 456' into text field '//*[@id="address"]'.</msg>
<status status="PASS" starttime="20220527 21:56:05.365" endtime="20220527 21:56:05.453"/>
</kw>
<status status="PASS" starttime="20220527 21:56:05.047" endtime="20220527 21:56:05.453"/>
</kw>
<kw name="Wait Until Keyword Succeeds" library="BuiltIn">
<arg>10x</arg>
<arg>2s</arg>
<arg>Preview the robot</arg>
<doc>Runs the specified keyword and retries if it fails.</doc>
<kw name="Preview the robot">
<kw name="Set Local Variable" library="BuiltIn">
<arg>${btn_preview}</arg>
<arg>//*[@id="preview"]</arg>
<doc>Makes a variable available everywhere within the local scope.</doc>
<msg timestamp="20220527 21:56:05.453" level="INFO">${btn_preview} = //*[@id="preview"]</msg>
<status status="PASS" starttime="20220527 21:56:05.453" endtime="20220527 21:56:05.453"/>
</kw>
<kw name="Set Local Variable" library="BuiltIn">
<arg>${img_preview}</arg>
<arg>//*[@id="robot-preview-image"]</arg>
<doc>Makes a variable available everywhere within the local scope.</doc>
<msg timestamp="20220527 21:56:05.453" level="INFO">${img_preview} = //*[@id="robot-preview-image"]</msg>
<status status="PASS" starttime="20220527 21:56:05.453" endtime="20220527 21:56:05.453"/>
</kw>
<kw name="Click Button" library="RPA.Browser.Selenium">
<arg>${btn_preview}</arg>
<doc>Clicks the button identified by ``locator``.</doc>
<msg timestamp="20220527 21:56:05.453" level="INFO">Clicking button '//*[@id="preview"]'.</msg>
<status status="PASS" starttime="20220527 21:56:05.453" endtime="20220527 21:56:05.527"/>
</kw>
<kw name="Wait Until Element Is Visible" library="RPA.Browser.Selenium">
<arg>${img_preview}</arg>
<doc>Waits until the element ``locator`` is visible.</doc>
<status status="PASS" starttime="20220527 21:56:05.527" endtime="20220527 21:56:05.544"/>
</kw>
<status status="PASS" starttime="20220527 21:56:05.453" endtime="20220527 21:56:05.544"/>
</kw>
<status status="PASS" starttime="20220527 21:56:05.453" endtime="20220527 21:56:05.544"/>
</kw>
<kw name="Wait Until Keyword Succeeds" library="BuiltIn">
<arg>10x</arg>
<arg>2s</arg>
<arg>Submit The Order</arg>
<doc>Runs the specified keyword and retries if it fails.</doc>
<kw name="Submit the order">
<kw name="Set Local Variable" library="BuiltIn">
<arg>${btn_order}</arg>
<arg>//*[@id="order"]</arg>
<doc>Makes a variable available everywhere within the local scope.</doc>
<msg timestamp="20220527 21:56:05.552" level="INFO">${btn_order} = //*[@id="order"]</msg>
<status status="PASS" starttime="20220527 21:56:05.552" endtime="20220527 21:56:05.552"/>
</kw>
<kw name="Set Local Variable" library="BuiltIn">
<arg>${lbl_receipt}</arg>
<arg>//*[@id="receipt"]</arg>
<doc>Makes a variable available everywhere within the local scope.</doc>
<msg timestamp="20220527 21:56:05.552" level="INFO">${lbl_receipt} = //*[@id="receipt"]</msg>
<status status="PASS" starttime="20220527 21:56:05.552" endtime="20220527 21:56:05.552"/>
</kw>
<kw name="Mute Run On Failure" library="RPA.RobotLogListener">
<arg>Page Should Contain Element</arg>
<doc>Set keywords which should not execute `SeleniumLibrary`
default behaviour of running keyword on failure.</doc>
<kw name="Get Library Instance" library="BuiltIn">
<arg>RPA.Browser</arg>
<doc>Returns the currently active instance of the specified library.</doc>
<msg timestamp="20220527 21:56:05.552" level="FAIL">No library 'RPA.Browser' found.</msg>
<status status="FAIL" starttime="20220527 21:56:05.552" endtime="20220527 21:56:05.552"/>
</kw>
<kw name="Get Library Instance" library="BuiltIn">
<arg>RPA.Browser.Selenium</arg>
<doc>Returns the currently active instance of the specified library.</doc>
<status status="PASS" starttime="20220527 21:56:05.552" endtime="20220527 21:56:05.552"/>
</kw>
<status status="PASS" starttime="20220527 21:56:05.552" endtime="20220527 21:56:05.552"/>
</kw>
<kw name="Click Button" library="RPA.Browser.Selenium">
<arg>${btn_order}</arg>
<doc>Clicks the button identified by ``locator``.</doc>
<msg timestamp="20220527 21:56:05.552" level="INFO">Clicking button '//*[@id="order"]'.</msg>
<status status="PASS" starttime="20220527 21:56:05.552" endtime="20220527 21:56:05.610"/>
</kw>
<kw name="Page Should Contain Element" library="RPA.Browser.Selenium">
<arg>${lbl_receipt}</arg>
<doc>Verifies that element ``locator`` is found on the current page.</doc>
<msg timestamp="20220527 21:56:05.610" level="INFO">No keyword will be run on failure.</msg>
<msg timestamp="20220527 21:56:05.610" level="INFO">No keyword will be run on failure.</msg>
<msg timestamp="20220527 21:56:05.610" level="INFO">No keyword will be run on failure.</msg>
<msg timestamp="20220527 21:56:05.626" level="FAIL">Page should have contained element '//*[@id="receipt"]' but did not.</msg>
<status status="FAIL" starttime="20220527 21:56:05.610" endtime="20220527 21:56:05.626"/>
</kw>
<status status="FAIL" starttime="20220527 21:56:05.552" endtime="20220527 21:56:05.626"/>
</kw>
<kw name="Submit the order">
<kw name="Set Local Variable" library="BuiltIn">
<arg>${btn_order}</arg>
<arg>//*[@id="order"]</arg>
<doc>Makes a variable available everywhere within the local scope.</doc>
<msg timestamp="20220527 21:56:07.637" level="INFO">${btn_order} = //*[@id="order"]</msg>
<status status="PASS" starttime="20220527 21:56:07.637" endtime="20220527 21:56:07.637"/>
</kw>
<kw name="Set Local Variable" library="BuiltIn">
<arg>${lbl_receipt}</arg>
<arg>//*[@id="receipt"]</arg>
<doc>Makes a variable available everywhere within the local scope.</doc>
<msg timestamp="20220527 21:56:07.637" level="INFO">${lbl_receipt} = //*[@id="receipt"]</msg>
<status status="PASS" starttime="20220527 21:56:07.637" endtime="20220527 21:56:07.637"/>
</kw>
<kw name="Mute Run On Failure" library="RPA.RobotLogListener">
<arg>Page Should Contain Element</arg>
<doc>Set keywords which should not execute `SeleniumLibrary`
default behaviour of running keyword on failure.</doc>
<kw name="Get Library Instance" library="BuiltIn">
<arg>RPA.Browser</arg>
<doc>Returns the currently active instance of the specified library.</doc>
<msg timestamp="20220527 21:56:07.637" level="FAIL">No library 'RPA.Browser' found.</msg>
<status status="FAIL" starttime="20220527 21:56:07.637" endtime="20220527 21:56:07.637"/>
</kw>
<kw name="Get Library Instance" library="BuiltIn">
<arg>RPA.Browser.Selenium</arg>
<doc>Returns the currently active instance of the specified library.</doc>
<status status="PASS" starttime="20220527 21:56:07.637" endtime="20220527 21:56:07.637"/>
</kw>
<status status="PASS" starttime="20220527 21:56:07.637" endtime="20220527 21:56:07.637"/>
</kw>
<kw name="Click Button" library="RPA.Browser.Selenium">
<arg>${btn_order}</arg>
<doc>Clicks the button identified by ``locator``.</doc>
<msg timestamp="20220527 21:56:07.654" level="INFO">Clicking button '//*[@id="order"]'.</msg>
<status status="PASS" starttime="20220527 21:56:07.637" endtime="20220527 21:56:07.724"/>
</kw>
<kw name="Page Should Contain Element" library="RPA.Browser.Selenium">
<arg>${lbl_receipt}</arg>
<doc>Verifies that element ``locator`` is found on the current page.</doc>
<msg timestamp="20220527 21:56:07.724" level="INFO">No keyword will be run on failure.</msg>
<msg timestamp="20220527 21:56:07.724" level="INFO">No keyword will be run on failure.</msg>
<msg timestamp="20220527 21:56:07.724" level="INFO">No keyword will be run on failure.</msg>
<msg timestamp="20220527 21:56:07.724" level="INFO">No keyword will be run on failure.</msg>
<msg timestamp="20220527 21:56:07.738" level="INFO">Current page contains element '//*[@id="receipt"]'.</msg>
<status status="PASS" starttime="20220527 21:56:07.724" endtime="20220527 21:56:07.738"/>
</kw>
<status status="PASS" starttime="20220527 21:56:07.637" endtime="20220527 21:56:07.738"/>
</kw>
<status status="PASS" starttime="20220527 21:56:05.552" endtime="20220527 21:56:07.739"/>
</kw>
<kw name="Take a screenshot of the robot">
<var>${orderid}</var>
<var>${img_filename}</var>
<kw name="Set Local Variable" library="BuiltIn">
<arg>${lbl_orderid}</arg>
<arg>xpath://div[@id='receipt']/p[@class='badge badge-success']</arg>
<doc>Makes a variable available everywhere within the local scope.</doc>
<msg timestamp="20220527 21:56:07.739" level="INFO">${lbl_orderid} = xpath://div[@id='receipt']/p[@class='badge badge-success']</msg>
<status status="PASS" starttime="20220527 21:56:07.739" endtime="20220527 21:56:07.739"/>
</kw>
<kw name="Set Local Variable" library="BuiltIn">
<arg>${img_robot}</arg>
<arg>//*[@id="robot-preview-image"]</arg>
<doc>Makes a variable available everywhere within the local scope.</doc>
<msg timestamp="20220527 21:56:07.748" level="INFO">${img_robot} = //*[@id="robot-preview-image"]</msg>
<status status="PASS" starttime="20220527 21:56:07.739" endtime="20220527 21:56:07.748"/>
</kw>
<kw name="Wait Until Element Is Visible" library="RPA.Browser.Selenium">
<arg>${img_robot}</arg>
<doc>Waits until the element ``locator`` is visible.</doc>
<status status="PASS" starttime="20220527 21:56:07.748" endtime="20220527 21:56:07.775"/>
</kw>
<kw name="Wait Until Element Is Visible" library="RPA.Browser.Selenium">
<arg>${lbl_orderid}</arg>
<doc>Waits until the element ``locator`` is visible.</doc>
<status status="PASS" starttime="20220527 21:56:07.775" endtime="20220527 21:56:07.804"/>
</kw>
<kw name="Get Text" library="RPA.Browser.Selenium">
<var>${orderid}</var>
<arg>${lbl_orderid}</arg>
<doc>Returns the text value of the element identified by ``locator``.</doc>
<msg timestamp="20220527 21:56:07.829" level="INFO">${orderid} = RSB-ROBO-ORDER-29XHUDD3EM</msg>
<status status="PASS" starttime="20220527 21:56:07.804" endtime="20220527 21:56:07.829"/>
</kw>
<kw name="Set Local Variable" library="BuiltIn">
<arg>${order_success_img_filename}</arg>
<arg>${img_folder}${/}${orderid}.png</arg>
<doc>Makes a variable available everywhere within the local scope.</doc>
<msg timestamp="20220527 21:56:07.830" level="INFO">${order_success_img_filename} = c:\Robocorp\Sales-Orders-Report\image_files\RSB-ROBO-ORDER-29XHUDD3EM.png</msg>
<status status="PASS" starttime="20220527 21:56:07.830" endtime="20220527 21:56:07.830"/>
</kw>
<kw name="Sleep" library="BuiltIn">
<arg>1sec</arg>
<doc>Pauses the test executed for the given time.</doc>
<msg timestamp="20220527 21:56:08.837" level="INFO">Slept 1 second</msg>
<status status="PASS" starttime="20220527 21:56:07.830" endtime="20220527 21:56:08.837"/>
</kw>
<kw name="Log To Console" library="BuiltIn">
<arg>Capturing Screenshot to ${order_success_img_filename}</arg>
<doc>Logs the given message to the console.</doc>
<status status="PASS" starttime="20220527 21:56:08.837" endtime="20220527 21:56:08.837"/>
</kw>
<kw name="Capture Element Screenshot" library="RPA.Browser.Selenium">
<arg>${img_robot}</arg>
<arg>${order_success_img_filename}</arg>
<doc>Captures a screenshot from the element identified by ``locator`` and embeds it into log file.</doc>
<msg timestamp="20220527 21:56:08.994" level="INFO" html="true">&lt;/td&gt;&lt;/tr&gt;&lt;tr&gt;&lt;td colspan="3"&gt;&lt;a href="../image_files/RSB-ROBO-ORDER-29XHUDD3EM.png"&gt;&lt;img src="../image_files/RSB-ROBO-ORDER-29XHUDD3EM.png" width="400px"&gt;&lt;/a&gt;</msg>
<status status="PASS" starttime="20220527 21:56:08.842" endtime="20220527 21:56:08.994"/>
</kw>
<return>
<value>${orderid}</value>
<value>${order_success_img_filename}</value>
<status status="PASS" starttime="20220527 21:56:08.994" endtime="20220527 21:56:09.002"/>
</return>
<msg timestamp="20220527 21:56:09.003" level="INFO">${orderid} = RSB-ROBO-ORDER-29XHUDD3EM</msg>
<msg timestamp="20220527 21:56:09.003" level="INFO">${img_filename} = c:\Robocorp\Sales-Orders-Report\image_files\RSB-ROBO-ORDER-29XHUDD3EM.png</msg>
<status status="PASS" starttime="20220527 21:56:07.739" endtime="20220527 21:56:09.003"/>
</kw>
<kw name="Store the receipt as a PDF file">
<var>${pdf_filename}</var>
<arg>ORDER_NUMBER=${order_id}</arg>
<kw name="Set Local Variable" library="BuiltIn">
<arg>${order_receipt}</arg>
<arg>//*[@id="receipt"]</arg>
<doc>Makes a variable available everywhere within the local scope.</doc>
<msg timestamp="20220527 21:56:09.003" level="INFO">${order_receipt} = //*[@id="receipt"]</msg>
<status status="PASS" starttime="20220527 21:56:09.003" endtime="20220527 21:56:09.003"/>
</kw>
<kw name="Wait Until Element Is Visible" library="RPA.Browser.Selenium">
<arg>${order_receipt}</arg>
<doc>Waits until the element ``locator`` is visible.</doc>
<status status="PASS" starttime="20220527 21:56:09.011" endtime="20220527 21:56:09.039"/>
</kw>
<kw name="Log To Console" library="BuiltIn">
<arg>Printing ${ORDER_NUMBER}</arg>
<doc>Logs the given message to the console.</doc>
<status status="PASS" starttime="20220527 21:56:09.039" endtime="20220527 21:56:09.039"/>
</kw>
<kw name="Get Element Attribute" library="RPA.Browser.Selenium">
<var>${order_receipt_html}</var>
<arg>${order_receipt}</arg>
<arg>outerHTML</arg>
<doc>Returns the value of ``attribute`` from the element ``locator``.</doc>
<msg timestamp="20220527 21:56:09.060" level="INFO">${order_receipt_html} = &lt;div id="receipt" class="alert alert-success" role="alert"&gt;&lt;h3&gt;Receipt&lt;/h3&gt;&lt;div&gt;2022-05-27T16:26:07.718Z&lt;/div&gt;&lt;p class="badge badge-success"&gt;RSB-ROBO-ORDER-29XHUDD3EM&lt;/p&gt;&lt;p&gt;Address 456&lt;/p&gt;&lt;div id="par...</msg>
<status status="PASS" starttime="20220527 21:56:09.039" endtime="20220527 21:56:09.060"/>
</kw>
<kw name="Set Local Variable" library="BuiltIn">
<arg>${order_success_pdf_filename}</arg>
<arg>${pdf_folder}${/}${ORDER_NUMBER}.pdf</arg>
<doc>Makes a variable available everywhere within the local scope.</doc>
<msg timestamp="20220527 21:56:09.060" level="INFO">${order_success_pdf_filename} = c:\Robocorp\Sales-Orders-Report\pdf_files\RSB-ROBO-ORDER-29XHUDD3EM.pdf</msg>
<status status="PASS" starttime="20220527 21:56:09.060" endtime="20220527 21:56:09.060"/>
</kw>
<kw name="Html To Pdf" library="RPA.PDF">
<arg>content=${order_receipt_html}</arg>
<arg>output_path=${order_success_pdf_filename}</arg>
<doc>Generate a PDF file from HTML content.</doc>
<msg timestamp="20220527 21:56:09.077" level="INFO">Writing output to file C:\Robocorp\Sales-Orders-Report\pdf_files\RSB-ROBO-ORDER-29XHUDD3EM.pdf</msg>
<status status="PASS" starttime="20220527 21:56:09.060" endtime="20220527 21:56:09.425"/>
</kw>
<return>
<value>${order_success_pdf_filename}</value>
<status status="PASS" starttime="20220527 21:56:09.425" endtime="20220527 21:56:09.425"/>
</return>
<msg timestamp="20220527 21:56:09.431" level="INFO">${pdf_filename} = c:\Robocorp\Sales-Orders-Report\pdf_files\RSB-ROBO-ORDER-29XHUDD3EM.pdf</msg>
<status status="PASS" starttime="20220527 21:56:09.003" endtime="20220527 21:56:09.431"/>
</kw>
<kw name="Embed the robot screenshot to the receipt PDF file">
<arg>IMG_FILE=${img_filename}</arg>
<arg>PDF_FILE=${pdf_filename}</arg>
<kw name="Log To Console" library="BuiltIn">
<arg>Printing Embedding image ${IMG_FILE} in pdf file ${PDF_FILE}</arg>
<doc>Logs the given message to the console.</doc>
<status status="PASS" starttime="20220527 21:56:09.431" endtime="20220527 21:56:09.431"/>
</kw>
<kw name="Open Pdf" library="RPA.PDF">
<arg>${PDF_FILE}</arg>
<doc>Open a PDF document for reading.</doc>
<status status="PASS" starttime="20220527 21:56:09.436" endtime="20220527 21:56:09.438"/>
</kw>
<kw name="Create List" library="BuiltIn">
<var>@{myfiles}</var>
<arg>${IMG_FILE}:x=0,y=0</arg>
<doc>Returns a list containing given items.</doc>
<msg timestamp="20220527 21:56:09.441" level="INFO">@{myfiles} = [ c:\Robocorp\Sales-Orders-Report\image_files\RSB-ROBO-ORDER-29XHUDD3EM.png:x=0,y=0 ]</msg>
<status status="PASS" starttime="20220527 21:56:09.439" endtime="20220527 21:56:09.441"/>
</kw>
<kw name="Add Files To Pdf" library="RPA.PDF">
<arg>${myfiles}</arg>
<arg>${PDF_FILE}</arg>
<arg>${True}</arg>
<doc>Add images and/or pdfs to new PDF document</doc>
<msg timestamp="20220527 21:56:09.446" level="INFO">Adding page: 0</msg>
<msg timestamp="20220527 21:56:09.447" level="INFO">File c:\Robocorp\Sales-Orders-Report\image_files\RSB-ROBO-ORDER-29XHUDD3EM.png type: png</msg>
<msg timestamp="20220527 21:56:09.447" level="INFO">Image parameters: {'x': '0', 'y': '0'}</msg>
<status status="PASS" starttime="20220527 21:56:09.441" endtime="20220527 21:56:09.532"/>
</kw>
<kw name="Sleep" library="BuiltIn">
<arg>5s</arg>
<doc>Pauses the test executed for the given time.</doc>
<msg timestamp="20220527 21:56:14.551" level="INFO">Slept 5 seconds</msg>
<status status="PASS" starttime="20220527 21:56:09.532" endtime="20220527 21:56:14.551"/>
</kw>
<status status="PASS" starttime="20220527 21:56:09.431" endtime="20220527 21:56:14.552"/>
</kw>
<kw name="Create order for order another robot">
<kw name="Set Local Variable" library="BuiltIn">
<arg>${btn_order_another_robot}</arg>
<arg>//*[@id="order-another"]</arg>
<doc>Makes a variable available everywhere within the local scope.</doc>
<msg timestamp="20220527 21:56:14.555" level="INFO">${btn_order_another_robot} = //*[@id="order-another"]</msg>
<status status="PASS" starttime="20220527 21:56:14.555" endtime="20220527 21:56:14.555"/>
</kw>
<kw name="Click Button" library="RPA.Browser.Selenium">
<arg>${btn_order_another_robot}</arg>
<doc>Clicks the button identified by ``locator``.</doc>
<msg timestamp="20220527 21:56:14.555" level="INFO">Clicking button '//*[@id="order-another"]'.</msg>
<status status="PASS" starttime="20220527 21:56:14.555" endtime="20220527 21:56:14.746"/>
</kw>
<status status="PASS" starttime="20220527 21:56:14.552" endtime="20220527 21:56:14.746"/>
</kw>
<status status="PASS" starttime="20220527 21:56:04.950" endtime="20220527 21:56:14.746"/>
</iter>
<iter>
<var name="${sales_order}">{'Order number': '3', 'Head': '6', 'Body': '2', 'Legs': '3', 'Address': 'Address 789'}</var>
<kw name="Close the annoying modal">
<kw name="Set Local Variable" library="BuiltIn">
<arg>${btn_yep}</arg>
<arg>//div[@class='modal-dialog']//div[@class='alert-buttons']//button[@class='btn btn-warning'][text()='Yep']</arg>
<doc>Makes a variable available everywhere within the local scope.</doc>
<msg timestamp="20220527 21:56:14.746" level="INFO">${btn_yep} = //div[@class='modal-dialog']//div[@class='alert-buttons']//button[@class='btn btn-warning'][text()='Yep']</msg>
<status status="PASS" starttime="20220527 21:56:14.746" endtime="20220527 21:56:14.746"/>
</kw>
<kw name="Wait And Click Button" library="RPA.Browser.Selenium">
<arg>${btn_yep}</arg>
<doc>Click button identified by ``locator``, once it becomes visible.</doc>
<msg timestamp="20220527 21:56:14.793" level="INFO">Clicking button '//div[@class='modal-dialog']//div[@class='alert-buttons']//button[@class='btn btn-warning'][text()='Yep']'.</msg>
<status status="PASS" starttime="20220527 21:56:14.746" endtime="20220527 21:56:14.872"/>
</kw>
<status status="PASS" starttime="20220527 21:56:14.746" endtime="20220527 21:56:14.872"/>
</kw>
<kw name="Create robot order">
<arg>${sales_order}</arg>
<kw name="Set Local Variable" library="BuiltIn">
<arg>${order_no}</arg>
<arg>${sales_order}[Order number]</arg>
<doc>Makes a variable available everywhere within the local scope.</doc>
<msg timestamp="20220527 21:56:14.878" level="INFO">${order_no} = 3</msg>
<status status="PASS" starttime="20220527 21:56:14.874" endtime="20220527 21:56:14.878"/>
</kw>
<kw name="Set Local Variable" library="BuiltIn">
<arg>${head}</arg>
<arg>${sales_order}[Head]</arg>
<doc>Makes a variable available everywhere within the local scope.</doc>
<msg timestamp="20220527 21:56:14.881" level="INFO">${head} = 6</msg>
<status status="PASS" starttime="20220527 21:56:14.878" endtime="20220527 21:56:14.881"/>
</kw>
<kw name="Set Local Variable" library="BuiltIn">
<arg>${body}</arg>
<arg>${sales_order}[Body]</arg>
<doc>Makes a variable available everywhere within the local scope.</doc>
<msg timestamp="20220527 21:56:14.884" level="INFO">${body} = 2</msg>
<status status="PASS" starttime="20220527 21:56:14.883" endtime="20220527 21:56:14.885"/>
</kw>
<kw name="Set Local Variable" library="BuiltIn">
<arg>${legs}</arg>
<arg>${sales_order}[Legs]</arg>
<doc>Makes a variable available everywhere within the local scope.</doc>
<msg timestamp="20220527 21:56:14.888" level="INFO">${legs} = 3</msg>
<status status="PASS" starttime="20220527 21:56:14.885" endtime="20220527 21:56:14.888"/>
</kw>
<kw name="Set Local Variable" library="BuiltIn">
<arg>${address}</arg>
<arg>${sales_order}[Address]</arg>
<doc>Makes a variable available everywhere within the local scope.</doc>
<msg timestamp="20220527 21:56:14.897" level="INFO">${address} = Address 789</msg>
<status status="PASS" starttime="20220527 21:56:14.888" endtime="20220527 21:56:14.897"/>
</kw>
<kw name="Set Local Variable" library="BuiltIn">
<arg>${input_head}</arg>
<arg>//*[@id="head"]</arg>
<doc>Makes a variable available everywhere within the local scope.</doc>
<msg timestamp="20220527 21:56:14.897" level="INFO">${input_head} = //*[@id="head"]</msg>
<status status="PASS" starttime="20220527 21:56:14.897" endtime="20220527 21:56:14.897"/>
</kw>
<kw name="Set Local Variable" library="BuiltIn">
<arg>${input_body}</arg>
<arg>body</arg>
<doc>Makes a variable available everywhere within the local scope.</doc>
<msg timestamp="20220527 21:56:14.905" level="INFO">${input_body} = body</msg>
<status status="PASS" starttime="20220527 21:56:14.897" endtime="20220527 21:56:14.905"/>
</kw>
<kw name="Set Local Variable" library="BuiltIn">
<arg>${input_legs}</arg>
<arg>xpath://input[@class='form-control'][@placeholder='Enter the part number for the legs']</arg>
<doc>Makes a variable available everywhere within the local scope.</doc>
<msg timestamp="20220527 21:56:14.905" level="INFO">${input_legs} = xpath://input[@class='form-control'][@placeholder='Enter the part number for the legs']</msg>
<status status="PASS" starttime="20220527 21:56:14.905" endtime="20220527 21:56:14.905"/>
</kw>
<kw name="Set Local Variable" library="BuiltIn">
<arg>${input_address}</arg>
<arg>//*[@id="address"]</arg>
<doc>Makes a variable available everywhere within the local scope.</doc>
<msg timestamp="20220527 21:56:14.913" level="INFO">${input_address} = //*[@id="address"]</msg>
<status status="PASS" starttime="20220527 21:56:14.905" endtime="20220527 21:56:14.913"/>
</kw>
<kw name="Set Local Variable" library="BuiltIn">
<arg>${btn_preview}</arg>
<arg>//*[@id="preview"]</arg>
<doc>Makes a variable available everywhere within the local scope.</doc>
<msg timestamp="20220527 21:56:14.913" level="INFO">${btn_preview} = //*[@id="preview"]</msg>
<status status="PASS" starttime="20220527 21:56:14.913" endtime="20220527 21:56:14.913"/>
</kw>
<kw name="Set Local Variable" library="BuiltIn">
<arg>${btn_order}</arg>
<arg>//*[@id="order"]</arg>
<doc>Makes a variable available everywhere within the local scope.</doc>
<msg timestamp="20220527 21:56:14.924" level="INFO">${btn_order} = //*[@id="order"]</msg>
<status status="PASS" starttime="20220527 21:56:14.913" endtime="20220527 21:56:14.924"/>
</kw>
<kw name="Set Local Variable" library="BuiltIn">
<arg>${img_preview}</arg>
<arg>//*[@id="robot-preview-image"]</arg>
<doc>Makes a variable available everywhere within the local scope.</doc>
<msg timestamp="20220527 21:56:14.924" level="INFO">${img_preview} = //*[@id="robot-preview-image"]</msg>
<status status="PASS" starttime="20220527 21:56:14.924" endtime="20220527 21:56:14.924"/>
</kw>
<kw name="Wait Until Element Is Visible" library="RPA.Browser.Selenium">
<arg>${input_head}</arg>
<doc>Waits until the element ``locator`` is visible.</doc>
<status status="PASS" starttime="20220527 21:56:14.924" endtime="20220527 21:56:14.968"/>
</kw>
<kw name="Wait Until Element Is Enabled" library="RPA.Browser.Selenium">
<arg>${input_head}</arg>
<doc>Waits until the element ``locator`` is enabled.</doc>
<status status="PASS" starttime="20220527 21:56:14.968" endtime="20220527 21:56:14.998"/>
</kw>
<kw name="Select From List By Value" library="RPA.Browser.Selenium">
<arg>${input_head}</arg>
<arg>${head}</arg>
<doc>Selects options from selection list ``locator`` by ``values``.</doc>
<msg timestamp="20220527 21:56:14.998" level="INFO">Selecting options from selection list '//*[@id="head"]' by value 6.</msg>
<status status="PASS" starttime="20220527 21:56:14.998" endtime="20220527 21:56:15.072"/>
</kw>
<kw name="Wait Until Element Is Enabled" library="RPA.Browser.Selenium">
<arg>${input_body}</arg>
<doc>Waits until the element ``locator`` is enabled.</doc>
<status status="PASS" starttime="20220527 21:56:15.073" endtime="20220527 21:56:15.106"/>
</kw>
<kw name="Select Radio Button" library="RPA.Browser.Selenium">
<arg>${input_body}</arg>
<arg>${body}</arg>
<doc>Sets the radio button group ``group_name`` to ``value``.</doc>
<msg timestamp="20220527 21:56:15.107" level="INFO">Selecting '2' from radio button 'body'.</msg>
<status status="PASS" starttime="20220527 21:56:15.107" endtime="20220527 21:56:15.179"/>
</kw>
<kw name="Wait Until Element Is Enabled" library="RPA.Browser.Selenium">
<arg>${input_legs}</arg>
<doc>Waits until the element ``locator`` is enabled.</doc>
<status status="PASS" starttime="20220527 21:56:15.179" endtime="20220527 21:56:15.220"/>
</kw>
<kw name="Input Text" library="RPA.Browser.Selenium">
<arg>${input_legs}</arg>
<arg>${legs}</arg>
<doc>Types the given ``text`` into the text field identified by ``locator``.</doc>
<msg timestamp="20220527 21:56:15.220" level="INFO">Typing text '3' into text field 'xpath://input[@class='form-control'][@placeholder='Enter the part number for the legs']'.</msg>
<status status="PASS" starttime="20220527 21:56:15.220" endtime="20220527 21:56:15.325"/>
</kw>
<kw name="Wait Until Element Is Enabled" library="RPA.Browser.Selenium">
<arg>${input_address}</arg>
<doc>Waits until the element ``locator`` is enabled.</doc>
<status status="PASS" starttime="20220527 21:56:15.325" endtime="20220527 21:56:15.360"/>
</kw>
<kw name="Input Text" library="RPA.Browser.Selenium">
<arg>${input_address}</arg>
<arg>${address}</arg>
<doc>Types the given ``text`` into the text field identified by ``locator``.</doc>
<msg timestamp="20220527 21:56:15.360" level="INFO">Typing text 'Address 789' into text field '//*[@id="address"]'.</msg>
<status status="PASS" starttime="20220527 21:56:15.360" endtime="20220527 21:56:15.468"/>
</kw>
<status status="PASS" starttime="20220527 21:56:14.873" endtime="20220527 21:56:15.468"/>
</kw>
<kw name="Wait Until Keyword Succeeds" library="BuiltIn">
<arg>10x</arg>
<arg>2s</arg>
<arg>Preview the robot</arg>
<doc>Runs the specified keyword and retries if it fails.</doc>
<kw name="Preview the robot">
<kw name="Set Local Variable" library="BuiltIn">
<arg>${btn_preview}</arg>
<arg>//*[@id="preview"]</arg>
<doc>Makes a variable available everywhere within the local scope.</doc>
<msg timestamp="20220527 21:56:15.476" level="INFO">${btn_preview} = //*[@id="preview"]</msg>
<status status="PASS" starttime="20220527 21:56:15.468" endtime="20220527 21:56:15.476"/>
</kw>
<kw name="Set Local Variable" library="BuiltIn">
<arg>${img_preview}</arg>
<arg>//*[@id="robot-preview-image"]</arg>
<doc>Makes a variable available everywhere within the local scope.</doc>
<msg timestamp="20220527 21:56:15.476" level="INFO">${img_preview} = //*[@id="robot-preview-image"]</msg>
<status status="PASS" starttime="20220527 21:56:15.476" endtime="20220527 21:56:15.476"/>
</kw>
<kw name="Click Button" library="RPA.Browser.Selenium">
<arg>${btn_preview}</arg>
<doc>Clicks the button identified by ``locator``.</doc>
<msg timestamp="20220527 21:56:15.476" level="INFO">Clicking button '//*[@id="preview"]'.</msg>
<status status="PASS" starttime="20220527 21:56:15.476" endtime="20220527 21:56:15.565"/>
</kw>
<kw name="Wait Until Element Is Visible" library="RPA.Browser.Selenium">
<arg>${img_preview}</arg>
<doc>Waits until the element ``locator`` is visible.</doc>
<status status="PASS" starttime="20220527 21:56:15.565" endtime="20220527 21:56:15.596"/>
</kw>
<status status="PASS" starttime="20220527 21:56:15.468" endtime="20220527 21:56:15.596"/>
</kw>
<status status="PASS" starttime="20220527 21:56:15.468" endtime="20220527 21:56:15.597"/>
</kw>
<kw name="Wait Until Keyword Succeeds" library="BuiltIn">
<arg>10x</arg>
<arg>2s</arg>
<arg>Submit The Order</arg>
<doc>Runs the specified keyword and retries if it fails.</doc>
<kw name="Submit the order">
<kw name="Set Local Variable" library="BuiltIn">
<arg>${btn_order}</arg>
<arg>//*[@id="order"]</arg>
<doc>Makes a variable available everywhere within the local scope.</doc>
<msg timestamp="20220527 21:56:15.606" level="INFO">${btn_order} = //*[@id="order"]</msg>
<status status="PASS" starttime="20220527 21:56:15.597" endtime="20220527 21:56:15.606"/>
</kw>
<kw name="Set Local Variable" library="BuiltIn">
<arg>${lbl_receipt}</arg>
<arg>//*[@id="receipt"]</arg>
<doc>Makes a variable available everywhere within the local scope.</doc>
<msg timestamp="20220527 21:56:15.606" level="INFO">${lbl_receipt} = //*[@id="receipt"]</msg>
<status status="PASS" starttime="20220527 21:56:15.606" endtime="20220527 21:56:15.606"/>
</kw>
<kw name="Mute Run On Failure" library="RPA.RobotLogListener">
<arg>Page Should Contain Element</arg>
<doc>Set keywords which should not execute `SeleniumLibrary`
default behaviour of running keyword on failure.</doc>
<kw name="Get Library Instance" library="BuiltIn">
<arg>RPA.Browser</arg>
<doc>Returns the currently active instance of the specified library.</doc>
<msg timestamp="20220527 21:56:15.606" level="FAIL">No library 'RPA.Browser' found.</msg>
<status status="FAIL" starttime="20220527 21:56:15.606" endtime="20220527 21:56:15.606"/>
</kw>
<kw name="Get Library Instance" library="BuiltIn">
<arg>RPA.Browser.Selenium</arg>
<doc>Returns the currently active instance of the specified library.</doc>
<status status="PASS" starttime="20220527 21:56:15.614" endtime="20220527 21:56:15.614"/>
</kw>
<status status="PASS" starttime="20220527 21:56:15.606" endtime="20220527 21:56:15.614"/>
</kw>
<kw name="Click Button" library="RPA.Browser.Selenium">
<arg>${btn_order}</arg>
<doc>Clicks the button identified by ``locator``.</doc>
<msg timestamp="20220527 21:56:15.614" level="INFO">Clicking button '//*[@id="order"]'.</msg>
<status status="PASS" starttime="20220527 21:56:15.614" endtime="20220527 21:56:15.695"/>
</kw>
<kw name="Page Should Contain Element" library="RPA.Browser.Selenium">
<arg>${lbl_receipt}</arg>
<doc>Verifies that element ``locator`` is found on the current page.</doc>
<msg timestamp="20220527 21:56:15.696" level="INFO">No keyword will be run on failure.</msg>
<msg timestamp="20220527 21:56:15.696" level="INFO">No keyword will be run on failure.</msg>
<msg timestamp="20220527 21:56:15.696" level="INFO">No keyword will be run on failure.</msg>
<msg timestamp="20220527 21:56:15.696" level="INFO">No keyword will be run on failure.</msg>
<msg timestamp="20220527 21:56:15.697" level="INFO">No keyword will be run on failure.</msg>
<msg timestamp="20220527 21:56:15.708" level="INFO">Current page contains element '//*[@id="receipt"]'.</msg>
<status status="PASS" starttime="20220527 21:56:15.695" endtime="20220527 21:56:15.708"/>
</kw>
<status status="PASS" starttime="20220527 21:56:15.597" endtime="20220527 21:56:15.708"/>
</kw>
<status status="PASS" starttime="20220527 21:56:15.597" endtime="20220527 21:56:15.708"/>
</kw>
<kw name="Take a screenshot of the robot">
<var>${orderid}</var>
<var>${img_filename}</var>
<kw name="Set Local Variable" library="BuiltIn">
<arg>${lbl_orderid}</arg>
<arg>xpath://div[@id='receipt']/p[@class='badge badge-success']</arg>
<doc>Makes a variable available everywhere within the local scope.</doc>
<msg timestamp="20220527 21:56:15.708" level="INFO">${lbl_orderid} = xpath://div[@id='receipt']/p[@class='badge badge-success']</msg>
<status status="PASS" starttime="20220527 21:56:15.708" endtime="20220527 21:56:15.708"/>
</kw>
<kw name="Set Local Variable" library="BuiltIn">
<arg>${img_robot}</arg>
<arg>//*[@id="robot-preview-image"]</arg>
<doc>Makes a variable available everywhere within the local scope.</doc>
<msg timestamp="20220527 21:56:15.717" level="INFO">${img_robot} = //*[@id="robot-preview-image"]</msg>
<status status="PASS" starttime="20220527 21:56:15.717" endtime="20220527 21:56:15.717"/>
</kw>
<kw name="Wait Until Element Is Visible" library="RPA.Browser.Selenium">
<arg>${img_robot}</arg>
<doc>Waits until the element ``locator`` is visible.</doc>
<status status="PASS" starttime="20220527 21:56:15.717" endtime="20220527 21:56:15.743"/>
</kw>
<kw name="Wait Until Element Is Visible" library="RPA.Browser.Selenium">
<arg>${lbl_orderid}</arg>
<doc>Waits until the element ``locator`` is visible.</doc>
<status status="PASS" starttime="20220527 21:56:15.743" endtime="20220527 21:56:15.770"/>
</kw>
<kw name="Get Text" library="RPA.Browser.Selenium">
<var>${orderid}</var>
<arg>${lbl_orderid}</arg>
<doc>Returns the text value of the element identified by ``locator``.</doc>
<msg timestamp="20220527 21:56:15.795" level="INFO">${orderid} = RSB-ROBO-ORDER-KYQF7BK5SX</msg>
<status status="PASS" starttime="20220527 21:56:15.770" endtime="20220527 21:56:15.795"/>
</kw>
<kw name="Set Local Variable" library="BuiltIn">
<arg>${order_success_img_filename}</arg>
<arg>${img_folder}${/}${orderid}.png</arg>
<doc>Makes a variable available everywhere within the local scope.</doc>
<msg timestamp="20220527 21:56:15.795" level="INFO">${order_success_img_filename} = c:\Robocorp\Sales-Orders-Report\image_files\RSB-ROBO-ORDER-KYQF7BK5SX.png</msg>
<status status="PASS" starttime="20220527 21:56:15.795" endtime="20220527 21:56:15.795"/>
</kw>
<kw name="Sleep" library="BuiltIn">
<arg>1sec</arg>
<doc>Pauses the test executed for the given time.</doc>
<msg timestamp="20220527 21:56:16.795" level="INFO">Slept 1 second</msg>
<status status="PASS" starttime="20220527 21:56:15.795" endtime="20220527 21:56:16.795"/>
</kw>
<kw name="Log To Console" library="BuiltIn">
<arg>Capturing Screenshot to ${order_success_img_filename}</arg>
<doc>Logs the given message to the console.</doc>
<status status="PASS" starttime="20220527 21:56:16.795" endtime="20220527 21:56:16.798"/>
</kw>
<kw name="Capture Element Screenshot" library="RPA.Browser.Selenium">
<arg>${img_robot}</arg>
<arg>${order_success_img_filename}</arg>
<doc>Captures a screenshot from the element identified by ``locator`` and embeds it into log file.</doc>
<msg timestamp="20220527 21:56:16.940" level="INFO" html="true">&lt;/td&gt;&lt;/tr&gt;&lt;tr&gt;&lt;td colspan="3"&gt;&lt;a href="../image_files/RSB-ROBO-ORDER-KYQF7BK5SX.png"&gt;&lt;img src="../image_files/RSB-ROBO-ORDER-KYQF7BK5SX.png" width="400px"&gt;&lt;/a&gt;</msg>
<status status="PASS" starttime="20220527 21:56:16.799" endtime="20220527 21:56:16.941"/>
</kw>
<return>
<value>${orderid}</value>
<value>${order_success_img_filename}</value>
<status status="PASS" starttime="20220527 21:56:16.941" endtime="20220527 21:56:16.941"/>
</return>
<msg timestamp="20220527 21:56:16.941" level="INFO">${orderid} = RSB-ROBO-ORDER-KYQF7BK5SX</msg>
<msg timestamp="20220527 21:56:16.941" level="INFO">${img_filename} = c:\Robocorp\Sales-Orders-Report\image_files\RSB-ROBO-ORDER-KYQF7BK5SX.png</msg>
<status status="PASS" starttime="20220527 21:56:15.708" endtime="20220527 21:56:16.941"/>
</kw>
<kw name="Store the receipt as a PDF file">
<var>${pdf_filename}</var>
<arg>ORDER_NUMBER=${order_id}</arg>
<kw name="Set Local Variable" library="BuiltIn">
<arg>${order_receipt}</arg>
<arg>//*[@id="receipt"]</arg>
<doc>Makes a variable available everywhere within the local scope.</doc>
<msg timestamp="20220527 21:56:16.941" level="INFO">${order_receipt} = //*[@id="receipt"]</msg>
<status status="PASS" starttime="20220527 21:56:16.941" endtime="20220527 21:56:16.941"/>
</kw>
<kw name="Wait Until Element Is Visible" library="RPA.Browser.Selenium">
<arg>${order_receipt}</arg>
<doc>Waits until the element ``locator`` is visible.</doc>
<status status="PASS" starttime="20220527 21:56:16.949" endtime="20220527 21:56:16.978"/>
</kw>
<kw name="Log To Console" library="BuiltIn">
<arg>Printing ${ORDER_NUMBER}</arg>
<doc>Logs the given message to the console.</doc>
<status status="PASS" starttime="20220527 21:56:16.978" endtime="20220527 21:56:16.981"/>
</kw>
<kw name="Get Element Attribute" library="RPA.Browser.Selenium">
<var>${order_receipt_html}</var>
<arg>${order_receipt}</arg>
<arg>outerHTML</arg>
<doc>Returns the value of ``attribute`` from the element ``locator``.</doc>
<msg timestamp="20220527 21:56:17.003" level="INFO">${order_receipt_html} = &lt;div id="receipt" class="alert alert-success" role="alert"&gt;&lt;h3&gt;Receipt&lt;/h3&gt;&lt;div&gt;2022-05-27T16:26:15.688Z&lt;/div&gt;&lt;p class="badge badge-success"&gt;RSB-ROBO-ORDER-KYQF7BK5SX&lt;/p&gt;&lt;p&gt;Address 789&lt;/p&gt;&lt;div id="par...</msg>
<status status="PASS" starttime="20220527 21:56:16.981" endtime="20220527 21:56:17.003"/>
</kw>
<kw name="Set Local Variable" library="BuiltIn">
<arg>${order_success_pdf_filename}</arg>
<arg>${pdf_folder}${/}${ORDER_NUMBER}.pdf</arg>
<doc>Makes a variable available everywhere within the local scope.</doc>
<msg timestamp="20220527 21:56:17.003" level="INFO">${order_success_pdf_filename} = c:\Robocorp\Sales-Orders-Report\pdf_files\RSB-ROBO-ORDER-KYQF7BK5SX.pdf</msg>
<status status="PASS" starttime="20220527 21:56:17.003" endtime="20220527 21:56:17.003"/>
</kw>
<kw name="Html To Pdf" library="RPA.PDF">
<arg>content=${order_receipt_html}</arg>
<arg>output_path=${order_success_pdf_filename}</arg>
<doc>Generate a PDF file from HTML content.</doc>
<msg timestamp="20220527 21:56:17.003" level="INFO">Writing output to file C:\Robocorp\Sales-Orders-Report\pdf_files\RSB-ROBO-ORDER-KYQF7BK5SX.pdf</msg>
<status status="PASS" starttime="20220527 21:56:17.003" endtime="20220527 21:56:17.442"/>
</kw>
<return>
<value>${order_success_pdf_filename}</value>
<status status="PASS" starttime="20220527 21:56:17.442" endtime="20220527 21:56:17.442"/>
</return>
<msg timestamp="20220527 21:56:17.442" level="INFO">${pdf_filename} = c:\Robocorp\Sales-Orders-Report\pdf_files\RSB-ROBO-ORDER-KYQF7BK5SX.pdf</msg>
<status status="PASS" starttime="20220527 21:56:16.941" endtime="20220527 21:56:17.442"/>
</kw>
<kw name="Embed the robot screenshot to the receipt PDF file">
<arg>IMG_FILE=${img_filename}</arg>
<arg>PDF_FILE=${pdf_filename}</arg>
<kw name="Log To Console" library="BuiltIn">
<arg>Printing Embedding image ${IMG_FILE} in pdf file ${PDF_FILE}</arg>
<doc>Logs the given message to the console.</doc>
<status status="PASS" starttime="20220527 21:56:17.442" endtime="20220527 21:56:17.442"/>
</kw>
<kw name="Open Pdf" library="RPA.PDF">
<arg>${PDF_FILE}</arg>
<doc>Open a PDF document for reading.</doc>
<status status="PASS" starttime="20220527 21:56:17.457" endtime="20220527 21:56:17.459"/>
</kw>
<kw name="Create List" library="BuiltIn">
<var>@{myfiles}</var>
<arg>${IMG_FILE}:x=0,y=0</arg>
<doc>Returns a list containing given items.</doc>
<msg timestamp="20220527 21:56:17.462" level="INFO">@{myfiles} = [ c:\Robocorp\Sales-Orders-Report\image_files\RSB-ROBO-ORDER-KYQF7BK5SX.png:x=0,y=0 ]</msg>
<status status="PASS" starttime="20220527 21:56:17.461" endtime="20220527 21:56:17.463"/>
</kw>
<kw name="Add Files To Pdf" library="RPA.PDF">
<arg>${myfiles}</arg>
<arg>${PDF_FILE}</arg>
<arg>${True}</arg>
<doc>Add images and/or pdfs to new PDF document</doc>
<msg timestamp="20220527 21:56:17.468" level="INFO">Adding page: 0</msg>
[...]
</kw>
<status status="PASS" starttime="20220527 21:58:48.904" endtime="20220527 21:58:48.912"/>
</kw>
<kw name="Click Button" library="RPA.Browser.Selenium">
<arg>${btn_order}</arg>
<doc>Clicks the button identified by ``locator``.</doc>
<msg timestamp="20220527 21:58:48.912" level="INFO">Clicking button '//*[@id="order"]'.</msg>
<status status="PASS" starttime="20220527 21:58:48.912" endtime="20220527 21:58:49.012"/>
</kw>
<kw name="Page Should Contain Element" library="RPA.Browser.Selenium">
<arg>${lbl_receipt}</arg>
<doc>Verifies that element ``locator`` is found on the current page.</doc>
<msg timestamp="20220527 21:58:49.012" level="INFO">No keyword will be run on failure.</msg>
<msg timestamp="20220527 21:58:49.012" level="INFO">No keyword will be run on failure.</msg>
<msg timestamp="20220527 21:58:49.012" level="INFO">No keyword will be run on failure.</msg>
<msg timestamp="20220527 21:58:49.012" level="INFO">No keyword will be run on failure.</msg>
<msg timestamp="20220527 21:58:49.012" level="INFO">No keyword will be run on failure.</msg>
<msg timestamp="20220527 21:58:49.012" level="INFO">No keyword will be run on failure.</msg>
<msg timestamp="20220527 21:58:49.012" level="INFO">No keyword will be run on failure.</msg>
<msg timestamp="20220527 21:58:49.012" level="INFO">No keyword will be run on failure.</msg>
<msg timestamp="20220527 21:58:49.012" level="INFO">No keyword will be run on failure.</msg>
<msg timestamp="20220527 21:58:49.012" level="INFO">No keyword will be run on failure.</msg>
<msg timestamp="20220527 21:58:49.012" level="INFO">No keyword will be run on failure.</msg>
<msg timestamp="20220527 21:58:49.012" level="INFO">No keyword will be run on failure.</msg>
<msg timestamp="20220527 21:58:49.012" level="INFO">No keyword will be run on failure.</msg>
<msg timestamp="20220527 21:58:49.012" level="INFO">No keyword will be run on failure.</msg>
<msg timestamp="20220527 21:58:49.012" level="INFO">No keyword will be run on failure.</msg>
<msg timestamp="20220527 21:58:49.012" level="INFO">No keyword will be run on failure.</msg>
<msg timestamp="20220527 21:58:49.012" level="INFO">No keyword will be run on failure.</msg>
<msg timestamp="20220527 21:58:49.012" level="INFO">No keyword will be run on failure.</msg>
<msg timestamp="20220527 21:58:49.012" level="INFO">No keyword will be run on failure.</msg>
<msg timestamp="20220527 21:58:49.012" level="INFO">No keyword will be run on failure.</msg>
<msg timestamp="20220527 21:58:49.012" level="INFO">No keyword will be run on failure.</msg>
<msg timestamp="20220527 21:58:49.012" level="INFO">No keyword will be run on failure.</msg>
<msg timestamp="20220527 21:58:49.012" level="INFO">No keyword will be run on failure.</msg>
<msg timestamp="20220527 21:58:49.012" level="INFO">No keyword will be run on failure.</msg>
<msg timestamp="20220527 21:58:49.020" level="INFO">No keyword will be run on failure.</msg>
<msg timestamp="20220527 21:58:49.020" level="INFO">No keyword will be run on failure.</msg>
<msg timestamp="20220527 21:58:49.020" level="INFO">No keyword will be run on failure.</msg>
<msg timestamp="20220527 21:58:49.020" level="INFO">No keyword will be run on failure.</msg>
<msg timestamp="20220527 21:58:49.020" level="INFO">No keyword will be run on failure.</msg>
<msg timestamp="20220527 21:58:49.035" level="INFO">Current page contains element '//*[@id="receipt"]'.</msg>
<status status="PASS" starttime="20220527 21:58:49.012" endtime="20220527 21:58:49.035"/>
</kw>
<status status="PASS" starttime="20220527 21:58:48.896" endtime="20220527 21:58:49.035"/>
</kw>
<status status="PASS" starttime="20220527 21:58:48.896" endtime="20220527 21:58:49.035"/>
</kw>
<kw name="Take a screenshot of the robot">
<var>${orderid}</var>
<var>${img_filename}</var>
<kw name="Set Local Variable" library="BuiltIn">
<arg>${lbl_orderid}</arg>
<arg>xpath://div[@id='receipt']/p[@class='badge badge-success']</arg>
<doc>Makes a variable available everywhere within the local scope.</doc>
<msg timestamp="20220527 21:58:49.035" level="INFO">${lbl_orderid} = xpath://div[@id='receipt']/p[@class='badge badge-success']</msg>
<status status="PASS" starttime="20220527 21:58:49.035" endtime="20220527 21:58:49.035"/>
</kw>
<kw name="Set Local Variable" library="BuiltIn">
<arg>${img_robot}</arg>
<arg>//*[@id="robot-preview-image"]</arg>
<doc>Makes a variable available everywhere within the local scope.</doc>
<msg timestamp="20220527 21:58:49.043" level="INFO">${img_robot} = //*[@id="robot-preview-image"]</msg>
<status status="PASS" starttime="20220527 21:58:49.035" endtime="20220527 21:58:49.043"/>
</kw>
<kw name="Wait Until Element Is Visible" library="RPA.Browser.Selenium">
<arg>${img_robot}</arg>
<doc>Waits until the element ``locator`` is visible.</doc>
<status status="PASS" starttime="20220527 21:58:49.043" endtime="20220527 21:58:49.069"/>
</kw>
<kw name="Wait Until Element Is Visible" library="RPA.Browser.Selenium">
<arg>${lbl_orderid}</arg>
<doc>Waits until the element ``locator`` is visible.</doc>
<status status="PASS" starttime="20220527 21:58:49.069" endtime="20220527 21:58:49.107"/>
</kw>
<kw name="Get Text" library="RPA.Browser.Selenium">
<var>${orderid}</var>
<arg>${lbl_orderid}</arg>
<doc>Returns the text value of the element identified by ``locator``.</doc>
<msg timestamp="20220527 21:58:49.136" level="INFO">${orderid} = RSB-ROBO-ORDER-6OULDVUAD</msg>
<status status="PASS" starttime="20220527 21:58:49.107" endtime="20220527 21:58:49.136"/>
</kw>
<kw name="Set Local Variable" library="BuiltIn">
<arg>${order_success_img_filename}</arg>
<arg>${img_folder}${/}${orderid}.png</arg>
<doc>Makes a variable available everywhere within the local scope.</doc>
<msg timestamp="20220527 21:58:49.136" level="INFO">${order_success_img_filename} = c:\Robocorp\Sales-Orders-Report\image_files\RSB-ROBO-ORDER-6OULDVUAD.png</msg>
<status status="PASS" starttime="20220527 21:58:49.136" endtime="20220527 21:58:49.136"/>
</kw>
<kw name="Sleep" library="BuiltIn">
<arg>1sec</arg>
<doc>Pauses the test executed for the given time.</doc>
<msg timestamp="20220527 21:58:50.137" level="INFO">Slept 1 second</msg>
<status status="PASS" starttime="20220527 21:58:49.136" endtime="20220527 21:58:50.137"/>
</kw>
<kw name="Log To Console" library="BuiltIn">
<arg>Capturing Screenshot to ${order_success_img_filename}</arg>
<doc>Logs the given message to the console.</doc>
<status status="PASS" starttime="20220527 21:58:50.137" endtime="20220527 21:58:50.140"/>
</kw>
<kw name="Capture Element Screenshot" library="RPA.Browser.Selenium">
<arg>${img_robot}</arg>
<arg>${order_success_img_filename}</arg>
<doc>Captures a screenshot from the element identified by ``locator`` and embeds it into log file.</doc>
<msg timestamp="20220527 21:58:50.313" level="INFO" html="true">&lt;/td&gt;&lt;/tr&gt;&lt;tr&gt;&lt;td colspan="3"&gt;&lt;a href="../image_files/RSB-ROBO-ORDER-6OULDVUAD.png"&gt;&lt;img src="../image_files/RSB-ROBO-ORDER-6OULDVUAD.png" width="400px"&gt;&lt;/a&gt;</msg>
<status status="PASS" starttime="20220527 21:58:50.141" endtime="20220527 21:58:50.313"/>
</kw>
<return>
<value>${orderid}</value>
<value>${order_success_img_filename}</value>
<status status="PASS" starttime="20220527 21:58:50.313" endtime="20220527 21:58:50.313"/>
</return>
<msg timestamp="20220527 21:58:50.313" level="INFO">${orderid} = RSB-ROBO-ORDER-6OULDVUAD</msg>
<msg timestamp="20220527 21:58:50.313" level="INFO">${img_filename} = c:\Robocorp\Sales-Orders-Report\image_files\RSB-ROBO-ORDER-6OULDVUAD.png</msg>
<status status="PASS" starttime="20220527 21:58:49.035" endtime="20220527 21:58:50.313"/>
</kw>
<kw name="Store the receipt as a PDF file">
<var>${pdf_filename}</var>
<arg>ORDER_NUMBER=${order_id}</arg>
<kw name="Set Local Variable" library="BuiltIn">
<arg>${order_receipt}</arg>
<arg>//*[@id="receipt"]</arg>
<doc>Makes a variable available everywhere within the local scope.</doc>
<msg timestamp="20220527 21:58:50.318" level="INFO">${order_receipt} = //*[@id="receipt"]</msg>
<status status="PASS" starttime="20220527 21:58:50.318" endtime="20220527 21:58:50.318"/>
</kw>
<kw name="Wait Until Element Is Visible" library="RPA.Browser.Selenium">
<arg>${order_receipt}</arg>
<doc>Waits until the element ``locator`` is visible.</doc>
<status status="PASS" starttime="20220527 21:58:50.318" endtime="20220527 21:58:50.349"/>
</kw>
<kw name="Log To Console" library="BuiltIn">
<arg>Printing ${ORDER_NUMBER}</arg>
<doc>Logs the given message to the console.</doc>
<status status="PASS" starttime="20220527 21:58:50.349" endtime="20220527 21:58:50.352"/>
</kw>
<kw name="Get Element Attribute" library="RPA.Browser.Selenium">
<var>${order_receipt_html}</var>
<arg>${order_receipt}</arg>
<arg>outerHTML</arg>
<doc>Returns the value of ``attribute`` from the element ``locator``.</doc>
<msg timestamp="20220527 21:58:50.372" level="INFO">${order_receipt_html} = &lt;div id="receipt" class="alert alert-success" role="alert"&gt;&lt;h3&gt;Receipt&lt;/h3&gt;&lt;div&gt;2022-05-27T16:28:49.004Z&lt;/div&gt;&lt;p class="badge badge-success"&gt;RSB-ROBO-ORDER-6OULDVUAD&lt;/p&gt;&lt;p&gt;Address H&lt;/p&gt;&lt;div id="parts"...</msg>
<status status="PASS" starttime="20220527 21:58:50.352" endtime="20220527 21:58:50.372"/>
</kw>
<kw name="Set Local Variable" library="BuiltIn">
<arg>${order_success_pdf_filename}</arg>
<arg>${pdf_folder}${/}${ORDER_NUMBER}.pdf</arg>
<doc>Makes a variable available everywhere within the local scope.</doc>
<msg timestamp="20220527 21:58:50.372" level="INFO">${order_success_pdf_filename} = c:\Robocorp\Sales-Orders-Report\pdf_files\RSB-ROBO-ORDER-6OULDVUAD.pdf</msg>
<status status="PASS" starttime="20220527 21:58:50.372" endtime="20220527 21:58:50.372"/>
</kw>
<kw name="Html To Pdf" library="RPA.PDF">
<arg>content=${order_receipt_html}</arg>
<arg>output_path=${order_success_pdf_filename}</arg>
<doc>Generate a PDF file from HTML content.</doc>
<msg timestamp="20220527 21:58:50.372" level="INFO">Writing output to file C:\Robocorp\Sales-Orders-Report\pdf_files\RSB-ROBO-ORDER-6OULDVUAD.pdf</msg>
<status status="PASS" starttime="20220527 21:58:50.372" endtime="20220527 21:58:50.737"/>
</kw>
<return>
<value>${order_success_pdf_filename}</value>
<status status="PASS" starttime="20220527 21:58:50.737" endtime="20220527 21:58:50.737"/>
</return>
<msg timestamp="20220527 21:58:50.737" level="INFO">${pdf_filename} = c:\Robocorp\Sales-Orders-Report\pdf_files\RSB-ROBO-ORDER-6OULDVUAD.pdf</msg>
<status status="PASS" starttime="20220527 21:58:50.313" endtime="20220527 21:58:50.737"/>
</kw>
<kw name="Embed the robot screenshot to the receipt PDF file">
<arg>IMG_FILE=${img_filename}</arg>
<arg>PDF_FILE=${pdf_filename}</arg>
<kw name="Log To Console" library="BuiltIn">
<arg>Printing Embedding image ${IMG_FILE} in pdf file ${PDF_FILE}</arg>
<doc>Logs the given message to the console.</doc>
<status status="PASS" starttime="20220527 21:58:50.753" endtime="20220527 21:58:50.753"/>
</kw>
<kw name="Open Pdf" library="RPA.PDF">
<arg>${PDF_FILE}</arg>
<doc>Open a PDF document for reading.</doc>
<status status="PASS" starttime="20220527 21:58:50.755" endtime="20220527 21:58:50.758"/>
</kw>
<kw name="Create List" library="BuiltIn">
<var>@{myfiles}</var>
<arg>${IMG_FILE}:x=0,y=0</arg>
<doc>Returns a list containing given items.</doc>
<msg timestamp="20220527 21:58:50.760" level="INFO">@{myfiles} = [ c:\Robocorp\Sales-Orders-Report\image_files\RSB-ROBO-ORDER-6OULDVUAD.png:x=0,y=0 ]</msg>
<status status="PASS" starttime="20220527 21:58:50.759" endtime="20220527 21:58:50.760"/>
</kw>
<kw name="Add Files To Pdf" library="RPA.PDF">
<arg>${myfiles}</arg>
<arg>${PDF_FILE}</arg>
<arg>${True}</arg>
<doc>Add images and/or pdfs to new PDF document</doc>
<msg timestamp="20220527 21:58:50.766" level="INFO">Adding page: 0</msg>
<msg timestamp="20220527 21:58:50.766" level="INFO">File c:\Robocorp\Sales-Orders-Report\image_files\RSB-ROBO-ORDER-6OULDVUAD.png type: png</msg>
<msg timestamp="20220527 21:58:50.767" level="INFO">Image parameters: {'x': '0', 'y': '0'}</msg>
<status status="PASS" starttime="20220527 21:58:50.761" endtime="20220527 21:58:50.847"/>
</kw>
<kw name="Sleep" library="BuiltIn">
<arg>5s</arg>
<doc>Pauses the test executed for the given time.</doc>
<msg timestamp="20220527 21:58:55.856" level="INFO">Slept 5 seconds</msg>
<status status="PASS" starttime="20220527 21:58:50.847" endtime="20220527 21:58:55.857"/>
</kw>
<status status="PASS" starttime="20220527 21:58:50.737" endtime="20220527 21:58:55.857"/>
</kw>
<kw name="Create order for order another robot">
<kw name="Set Local Variable" library="BuiltIn">
<arg>${btn_order_another_robot}</arg>
<arg>//*[@id="order-another"]</arg>
<doc>Makes a variable available everywhere within the local scope.</doc>
<msg timestamp="20220527 21:58:55.866" level="INFO">${btn_order_another_robot} = //*[@id="order-another"]</msg>
<status status="PASS" starttime="20220527 21:58:55.857" endtime="20220527 21:58:55.866"/>
</kw>
<kw name="Click Button" library="RPA.Browser.Selenium">
<arg>${btn_order_another_robot}</arg>
<doc>Clicks the button identified by ``locator``.</doc>
<msg timestamp="20220527 21:58:55.866" level="INFO">Clicking button '//*[@id="order-another"]'.</msg>
<status status="PASS" starttime="20220527 21:58:55.866" endtime="20220527 21:58:56.108"/>
</kw>
<status status="PASS" starttime="20220527 21:58:55.857" endtime="20220527 21:58:56.108"/>
</kw>
<status status="PASS" starttime="20220527 21:58:47.983" endtime="20220527 21:58:56.108"/>
</iter>
<status status="PASS" starttime="20220527 21:55:54.157" endtime="20220527 21:58:56.108"/>
</for>
<status status="PASS" starttime="20220527 21:55:54.145" endtime="20220527 21:58:56.108"/>
</kw>
<kw name="Read order details from csv file">
<kw name="Read table from CSV" library="RPA.Tables">
<var>${sales_orders_table}</var>
<arg>path=${orders_file}</arg>
<doc>Read a CSV file as a table.</doc>
<msg timestamp="20220527 21:58:56.116" level="INFO">${sales_orders_table} = Table(columns=['Order number', 'Head', 'Body', 'Legs', 'Address'], rows=20)</msg>
<status status="PASS" starttime="20220527 21:58:56.111" endtime="20220527 21:58:56.116"/>
</kw>
<kw name="Log" library="BuiltIn">
<arg>${sales_orders_table}</arg>
<doc>Logs the given message with the given level.</doc>
<msg timestamp="20220527 21:58:56.118" level="INFO">Table(columns=['Order number', 'Head', 'Body', 'Legs', 'Address'], rows=20)</msg>
<status status="PASS" starttime="20220527 21:58:56.117" endtime="20220527 21:58:56.118"/>
</kw>
<return>
<value>${sales_orders_table}</value>
<status status="PASS" starttime="20220527 21:58:56.120" endtime="20220527 21:58:56.120"/>
</return>
<status status="PASS" starttime="20220527 21:58:56.108" endtime="20220527 21:58:56.121"/>
</kw>
<kw name="Close the annoying modal">
<kw name="Set Local Variable" library="BuiltIn">
<arg>${btn_yep}</arg>
<arg>//div[@class='modal-dialog']//div[@class='alert-buttons']//button[@class='btn btn-warning'][text()='Yep']</arg>
<doc>Makes a variable available everywhere within the local scope.</doc>
<msg timestamp="20220527 21:58:56.123" level="INFO">${btn_yep} = //div[@class='modal-dialog']//div[@class='alert-buttons']//button[@class='btn btn-warning'][text()='Yep']</msg>
<status status="PASS" starttime="20220527 21:58:56.123" endtime="20220527 21:58:56.123"/>
</kw>
<kw name="Wait And Click Button" library="RPA.Browser.Selenium">
<arg>${btn_yep}</arg>
<doc>Click button identified by ``locator``, once it becomes visible.</doc>
<msg timestamp="20220527 21:58:56.149" level="INFO">Clicking button '//div[@class='modal-dialog']//div[@class='alert-buttons']//button[@class='btn btn-warning'][text()='Yep']'.</msg>
<status status="PASS" starttime="20220527 21:58:56.123" endtime="20220527 21:58:56.274"/>
</kw>
<status status="PASS" starttime="20220527 21:58:56.121" endtime="20220527 21:58:56.274"/>
</kw>
<kw name="Directory Cleanup">
<kw name="Log To Console" library="BuiltIn">
<arg>Cleaning up content from previous test runs</arg>
<doc>Logs the given message to the console.</doc>
<status status="PASS" starttime="20220527 21:58:56.274" endtime="20220527 21:58:56.274"/>
</kw>
<kw name="Create Directory" library="OperatingSystem">
<arg>${output_folder}</arg>
<doc>Creates the specified directory.</doc>
<msg timestamp="20220527 21:58:56.274" level="INFO" html="true">Directory '&lt;a href="file://c:\Robocorp\Sales-Orders-Report\output"&gt;c:\Robocorp\Sales-Orders-Report\output&lt;/a&gt;' already exists.</msg>
<status status="PASS" starttime="20220527 21:58:56.274" endtime="20220527 21:58:56.282"/>
</kw>
<kw name="Create Directory" library="OperatingSystem">
<arg>${img_folder}</arg>
<doc>Creates the specified directory.</doc>
<msg timestamp="20220527 21:58:56.285" level="INFO" html="true">Directory '&lt;a href="file://c:\Robocorp\Sales-Orders-Report\image_files"&gt;c:\Robocorp\Sales-Orders-Report\image_files&lt;/a&gt;' already exists.</msg>
<status status="PASS" starttime="20220527 21:58:56.283" endtime="20220527 21:58:56.285"/>
</kw>
<kw name="Create Directory" library="OperatingSystem">
<arg>${pdf_folder}</arg>
<doc>Creates the specified directory.</doc>
<msg timestamp="20220527 21:58:56.288" level="INFO" html="true">Directory '&lt;a href="file://c:\Robocorp\Sales-Orders-Report\pdf_files"&gt;c:\Robocorp\Sales-Orders-Report\pdf_files&lt;/a&gt;' already exists.</msg>
<status status="PASS" starttime="20220527 21:58:56.286" endtime="20220527 21:58:56.289"/>
</kw>
<kw name="Empty Directory" library="OperatingSystem">
<arg>${img_folder}</arg>
<doc>Deletes all the content from the given directory.</doc>
<msg timestamp="20220527 21:58:56.289" level="INFO" html="true">Listing contents of directory '&lt;a href="file://c:\Robocorp\Sales-Orders-Report\image_files"&gt;c:\Robocorp\Sales-Orders-Report\image_files&lt;/a&gt;'.</msg>
<msg timestamp="20220527 21:58:56.312" level="INFO" html="true">Emptied directory '&lt;a href="file://c:\Robocorp\Sales-Orders-Report\image_files"&gt;c:\Robocorp\Sales-Orders-Report\image_files&lt;/a&gt;'.</msg>
<status status="PASS" starttime="20220527 21:58:56.289" endtime="20220527 21:58:56.312"/>
</kw>
<status status="PASS" starttime="20220527 21:58:56.274" endtime="20220527 21:58:56.312"/>
</kw>
<kw name="Log out from app and close the browser">
<kw name="Close Browser" library="RPA.Browser.Selenium">
<doc>Closes the current browser.</doc>
<status status="PASS" starttime="20220527 21:58:56.312" endtime="20220527 21:58:58.710"/>
</kw>
<status status="PASS" starttime="20220527 21:58:56.312" endtime="20220527 21:58:58.710"/>
</kw>
<kw name="Create a Zip File of the Receipts">
<kw name="Archive Folder With Zip" library="RPA.Archive">
<arg>${pdf_folder}</arg>
<arg>${zip_file}</arg>
<arg>recursive=True</arg>
<arg>include=*.pdf</arg>
<doc>Create a zip archive of a folder</doc>
<status status="PASS" starttime="20220527 21:58:58.710" endtime="20220527 21:58:58.843"/>
</kw>
<status status="PASS" starttime="20220527 21:58:58.710" endtime="20220527 21:58:58.843"/>
</kw>
<status status="PASS" starttime="20220527 21:55:50.287" endtime="20220527 21:58:58.843"/>
</test>
<doc>Orders robots from RobotSpareBin Industries Inc.
Saves the order HTML receipt as a PDF file.
Saves the screenshot of the ordered robot.
Embeds the screenshot of the robot to the PDF receipt.
Creates ZIP archive of the receipts and the images.</doc>
<status status="PASS" starttime="20220527 21:55:47.257" endtime="20220527 21:58:58.849"/>
</suite>
<statistics>
<total>
<stat pass="1" fail="0" skip="0">All Tasks</stat>
</total>
<tag>
</tag>
<suite>
<stat pass="1" fail="0" skip="0" id="s1" name="Tasks">Tasks</stat>
</suite>
</statistics>
<errors>
</errors>
</robot>
